#
# There is insufficient memory for the Java Runtime Environment to continue.
# Native memory allocation (malloc) failed to allocate 41943040 bytes for committing reserved memory.
# Possible reasons:
#   The system is out of physical RAM or swap space
#   In 32 bit mode, the process size limit was hit
# Possible solutions:
#   Reduce memory load on the system
#   Increase physical memory or swap space
#   Check if swap backing store is full
#   Use 64 bit Java on a 64 bit OS
#   Decrease Java heap size (-Xmx/-Xms)
#   Decrease number of Java threads
#   Decrease Java thread stack sizes (-Xss)
#   Set larger code cache with -XX:ReservedCodeCacheSize=
# This output file may be truncated or incomplete.
#
#  Out of Memory Error (os_linux.cpp:2743), pid=16615, tid=140347523942144
#
# JRE version: OpenJDK Runtime Environment (7.0_40-b31) (build 1.7.0_40-b31)
# Java VM: OpenJDK 64-Bit Server VM (24.0-b50 mixed mode linux-amd64 compressed oops)
# Failed to write core dump. Core dumps have been disabled. To enable core dumping, try "ulimit -c unlimited" before starting Java again
#

---------------  T H R E A D  ---------------

Current thread (0x00007fa53813a800):  VMThread [stack: 0x00007fa5343f4000,0x00007fa5344f5000] [id=16621]

Stack: [0x00007fa5343f4000,0x00007fa5344f5000],  sp=0x00007fa5344f34d0,  free space=1021k
Native frames: (J=compiled Java code, j=interpreted, Vv=VM code, C=native code)
V  [libjvm.so+0x928ca5]  JVM_handle_linux_signal+0x1773a5
V  [libjvm.so+0x479834]  dlerror+0x479834
V  [libjvm.so+0x7abd13]  JVM_FindSignal+0x18c6f3
V  [libjvm.so+0x7a66cf]  JVM_FindSignal+0x1870af
V  [libjvm.so+0x81695b]  JVM_handle_linux_signal+0x6505b
V  [libjvm.so+0x8177b0]  JVM_handle_linux_signal+0x65eb0
V  [libjvm.so+0x817e9b]  JVM_handle_linux_signal+0x6659b
V  [libjvm.so+0x81418f]  JVM_handle_linux_signal+0x6288f
V  [libjvm.so+0x814958]  JVM_handle_linux_signal+0x63058
V  [libjvm.so+0x7caf33]  JVM_handle_linux_signal+0x19633
V  [libjvm.so+0x92a6b4]  JVM_handle_linux_signal+0x178db4
V  [libjvm.so+0x92ed07]  JVM_handle_linux_signal+0x17d407
V  [libjvm.so+0x92d6d8]  JVM_handle_linux_signal+0x17bdd8
V  [libjvm.so+0x92db39]  JVM_handle_linux_signal+0x17c239
V  [libjvm.so+0x92df82]  JVM_handle_linux_signal+0x17c682
V  [libjvm.so+0x7a8a32]  JVM_FindSignal+0x189412

VM_Operation (0x00007fa53ff99c60): ParallelGCFailedAllocation, mode: safepoint, requested by thread 0x00007fa538008800


---------------  P R O C E S S  ---------------

Java Threads: ( => current thread )
  0x00007fa4e411a800 JavaThread "TimerQueue" daemon [_thread_blocked, id=16663, stack(0x00007fa4f5ed5000,0x00007fa4f5fd6000)]
  0x00007fa538a09800 JavaThread "AWT-EventQueue-0" [_thread_blocked, id=16647, stack(0x00007fa4f662f000,0x00007fa4f6730000)]
  0x00007fa5389b6000 JavaThread "AWT-Shutdown" [_thread_blocked, id=16646, stack(0x00007fa4f6d9e000,0x00007fa4f6e9f000)]
  0x00007fa5382d0800 JavaThread "AWT-XAWT" daemon [_thread_blocked, id=16630, stack(0x00007fa4fc05c000,0x00007fa4fc15d000)]
  0x00007fa5382a6000 JavaThread "Java2D Disposer" daemon [_thread_blocked, id=16629, stack(0x00007fa5240f1000,0x00007fa5241f2000)]
  0x00007fa53816b800 JavaThread "Service Thread" daemon [_thread_blocked, id=16627, stack(0x00007fa52d88c000,0x00007fa52d98d000)]
  0x00007fa538169000 JavaThread "C2 CompilerThread1" daemon [_thread_blocked, id=16626, stack(0x00007fa52d98d000,0x00007fa52da8e000)]
  0x00007fa538166000 JavaThread "C2 CompilerThread0" daemon [_thread_blocked, id=16625, stack(0x00007fa52da8e000,0x00007fa52db8f000)]
  0x00007fa538164000 JavaThread "Signal Dispatcher" daemon [_thread_blocked, id=16624, stack(0x00007fa52db8f000,0x00007fa52dc90000)]
  0x00007fa538141000 JavaThread "Finalizer" daemon [_thread_blocked, id=16623, stack(0x00007fa5341f2000,0x00007fa5342f3000)]
  0x00007fa53813f000 JavaThread "Reference Handler" daemon [_thread_blocked, id=16622, stack(0x00007fa5342f3000,0x00007fa5343f4000)]
  0x00007fa538008800 JavaThread "main" [_thread_blocked, id=16616, stack(0x00007fa53fe9d000,0x00007fa53ff9e000)]

Other Threads:
=>0x00007fa53813a800 VMThread [stack: 0x00007fa5343f4000,0x00007fa5344f5000] [id=16621]
  0x00007fa538176000 WatcherThread [stack: 0x00007fa52d78b000,0x00007fa52d88c000] [id=16628]

VM state:at safepoint (normal execution)

VM Mutex/Monitor currently owned by a thread:  ([mutex/lock_event])
[0x00007fa5380061a0] Threads_lock - owner thread: 0x00007fa53813a800
[0x00007fa5380066a0] Heap_lock - owner thread: 0x00007fa538008800

Heap
 PSYoungGen      total 76800K, used 2920K [0x00000000ebd00000, 0x00000000f0f00000, 0x0000000100000000)
  eden space 69632K, 0% used [0x00000000ebd00000,0x00000000ebd00000,0x00000000f0100000)
  from space 7168K, 40% used [0x00000000f0100000,0x00000000f03da000,0x00000000f0800000)
  to   space 7168K, 0% used [0x00000000f0800000,0x00000000f0800000,0x00000000f0f00000)
 ParOldGen       total 40960K, used 19284K [0x00000000c3800000, 0x00000000c6000000, 0x00000000ebd00000)
  object space 40960K, 47% used [0x00000000c3800000,0x00000000c4ad5220,0x00000000c6000000)
 PSPermGen       total 28160K, used 28139K [0x00000000b9200000, 0x00000000bad80000, 0x00000000c3800000)
  object space 28160K, 99% used [0x00000000b9200000,0x00000000bad7ae60,0x00000000bad80000)

Card table byte_map: [0x00007fa53cf38000,0x00007fa53d170000] byte_map_base: 0x00007fa53c96f000

Polling page: 0x00007fa53ffc7000

Code Cache  [0x00007fa535000000, 0x00007fa535270000, 0x00007fa538000000)
 total_blobs=1054 nmethods=469 adapters=538 free_code_cache=47455Kb largest_free_block=48551616

Compilation events (10 events):
Event: 26.729 Thread 0x00007fa538166000 nmethod 492 0x00007fa5351a6a90 code [0x00007fa5351a6be0, 0x00007fa5351a6e18]
Event: 26.729 Thread 0x00007fa538166000  493             sun.reflect.ClassFileAssembler::emitConstantPoolUTF8 (50 bytes)
Event: 26.786 Thread 0x00007fa538169000 nmethod 491 0x00007fa5351a5dd0 code [0x00007fa5351a5f40, 0x00007fa5351a6778]
Event: 26.786 Thread 0x00007fa538169000  494             java.util.AbstractSequentialList::<init> (5 bytes)
Event: 26.787 Thread 0x00007fa538166000 nmethod 493 0x00007fa5351a7350 code [0x00007fa5351a7520, 0x00007fa5351a80b0]
Event: 26.787 Thread 0x00007fa538166000  495             java.util.LinkedList::<init> (10 bytes)
Event: 26.788 Thread 0x00007fa538169000 nmethod 494 0x00007fa5351a5b10 code [0x00007fa5351a5c40, 0x00007fa5351a5c98]
Event: 26.788 Thread 0x00007fa538169000  496             java.util.HashMap::put (142 bytes)
Event: 26.788 Thread 0x00007fa538166000 nmethod 495 0x00007fa53519ac90 code [0x00007fa53519adc0, 0x00007fa53519ae18]
Event: 26.835 Thread 0x00007fa538169000 nmethod 496 0x00007fa53519c850 code [0x00007fa53519ca60, 0x00007fa53519d190]

GC Heap History (10 events):
Event: 17.477 GC heap after
Heap after GC invocations=10 (full 0):
 PSYoungGen      total 32768K, used 1316K [0x00000000ebd00000, 0x00000000ef300000, 0x0000000100000000)
  eden space 27136K, 0% used [0x00000000ebd00000,0x00000000ebd00000,0x00000000ed780000)
  from space 5632K, 23% used [0x00000000ede80000,0x00000000edfc9160,0x00000000ee400000)
  to   space 7168K, 0% used [0x00000000ed780000,0x00000000ed780000,0x00000000ede80000)
 ParOldGen       total 40960K, used 14964K [0x00000000c3800000, 0x00000000c6000000, 0x00000000ebd00000)
  object space 40960K, 36% used [0x00000000c3800000,0x00000000c469d148,0x00000000c6000000)
 PSPermGen       total 23040K, used 22702K [0x00000000b9200000, 0x00000000ba880000, 0x00000000c3800000)
  object space 23040K, 98% used [0x00000000b9200000,0x00000000ba82bb50,0x00000000ba880000)
}
Event: 19.523 GC heap before
{Heap before GC invocations=11 (full 0):
 PSYoungGen      total 32768K, used 28452K [0x00000000ebd00000, 0x00000000ef300000, 0x0000000100000000)
  eden space 27136K, 100% used [0x00000000ebd00000,0x00000000ed780000,0x00000000ed780000)
  from space 5632K, 23% used [0x00000000ede80000,0x00000000edfc9160,0x00000000ee400000)
  to   space 7168K, 0% used [0x00000000ed780000,0x00000000ed780000,0x00000000ede80000)
 ParOldGen       total 40960K, used 14964K [0x00000000c3800000, 0x00000000c6000000, 0x00000000ebd00000)
  object space 40960K, 36% used [0x00000000c3800000,0x00000000c469d148,0x00000000c6000000)
 PSPermGen       total 24064K, used 23966K [0x00000000b9200000, 0x00000000ba980000, 0x00000000c3800000)
  object space 24064K, 99% used [0x00000000b9200000,0x00000000ba967828,0x00000000ba980000)
Event: 19.529 GC heap after
Heap after GC invocations=11 (full 0):
 PSYoungGen      total 34304K, used 4097K [0x00000000ebd00000, 0x00000000ef580000, 0x0000000100000000)
  eden space 27136K, 0% used [0x00000000ebd00000,0x00000000ebd00000,0x00000000ed780000)
  from space 7168K, 57% used [0x00000000ed780000,0x00000000edb80788,0x00000000ede80000)
  to   space 7168K, 0% used [0x00000000eee80000,0x00000000eee80000,0x00000000ef580000)
 ParOldGen       total 40960K, used 15300K [0x00000000c3800000, 0x00000000c6000000, 0x00000000ebd00000)
  object space 40960K, 37% used [0x00000000c3800000,0x00000000c46f1158,0x00000000c6000000)
 PSPermGen       total 24064K, used 23966K [0x00000000b9200000, 0x00000000ba980000, 0x00000000c3800000)
  object space 24064K, 99% used [0x00000000b9200000,0x00000000ba967828,0x00000000ba980000)
}
Event: 19.737 GC heap before
{Heap before GC invocations=12 (full 0):
 PSYoungGen      total 34304K, used 31233K [0x00000000ebd00000, 0x00000000ef580000, 0x0000000100000000)
  eden space 27136K, 100% used [0x00000000ebd00000,0x00000000ed780000,0x00000000ed780000)
  from space 7168K, 57% used [0x00000000ed780000,0x00000000edb80788,0x00000000ede80000)
  to   space 7168K, 0% used [0x00000000eee80000,0x00000000eee80000,0x00000000ef580000)
 ParOldGen       total 40960K, used 15300K [0x00000000c3800000, 0x00000000c6000000, 0x00000000ebd00000)
  object space 40960K, 37% used [0x00000000c3800000,0x00000000c46f1158,0x00000000c6000000)
 PSPermGen       total 25088K, used 24685K [0x00000000b9200000, 0x00000000baa80000, 0x00000000c3800000)
  object space 25088K, 98% used [0x00000000b9200000,0x00000000baa1b7e0,0x00000000baa80000)
Event: 19.742 GC heap after
Heap after GC invocations=12 (full 0):
 PSYoungGen      total 50688K, used 1380K [0x00000000ebd00000, 0x00000000ef580000, 0x0000000100000000)
  eden space 43520K, 0% used [0x00000000ebd00000,0x00000000ebd00000,0x00000000ee780000)
  from space 7168K, 19% used [0x00000000eee80000,0x00000000eefd91d8,0x00000000ef580000)
  to   space 7168K, 0% used [0x00000000ee780000,0x00000000ee780000,0x00000000eee80000)
 ParOldGen       total 40960K, used 18544K [0x00000000c3800000, 0x00000000c6000000, 0x00000000ebd00000)
  object space 40960K, 45% used [0x00000000c3800000,0x00000000c4a1c200,0x00000000c6000000)
 PSPermGen       total 25088K, used 24685K [0x00000000b9200000, 0x00000000baa80000, 0x00000000c3800000)
  object space 25088K, 98% used [0x00000000b9200000,0x00000000baa1b7e0,0x00000000baa80000)
}
Event: 20.237 GC heap before
{Heap before GC invocations=13 (full 0):
 PSYoungGen      total 50688K, used 44900K [0x00000000ebd00000, 0x00000000ef580000, 0x0000000100000000)
  eden space 43520K, 100% used [0x00000000ebd00000,0x00000000ee780000,0x00000000ee780000)
  from space 7168K, 19% used [0x00000000eee80000,0x00000000eefd91d8,0x00000000ef580000)
  to   space 7168K, 0% used [0x00000000ee780000,0x00000000ee780000,0x00000000eee80000)
 ParOldGen       total 40960K, used 18544K [0x00000000c3800000, 0x00000000c6000000, 0x00000000ebd00000)
  object space 40960K, 45% used [0x00000000c3800000,0x00000000c4a1c200,0x00000000c6000000)
 PSPermGen       total 25600K, used 25472K [0x00000000b9200000, 0x00000000bab00000, 0x00000000c3800000)
  object space 25600K, 99% used [0x00000000b9200000,0x00000000baae0260,0x00000000bab00000)
Event: 20.244 GC heap after
Heap after GC invocations=13 (full 0):
 PSYoungGen      total 50688K, used 1792K [0x00000000ebd00000, 0x00000000f0f00000, 0x0000000100000000)
  eden space 43520K, 0% used [0x00000000ebd00000,0x00000000ebd00000,0x00000000ee780000)
  from space 7168K, 25% used [0x00000000ee780000,0x00000000ee940000,0x00000000eee80000)
  to   space 7168K, 0% used [0x00000000f0800000,0x00000000f0800000,0x00000000f0f00000)
 ParOldGen       total 40960K, used 18672K [0x00000000c3800000, 0x00000000c6000000, 0x00000000ebd00000)
  object space 40960K, 45% used [0x00000000c3800000,0x00000000c4a3c200,0x00000000c6000000)
 PSPermGen       total 25600K, used 25472K [0x00000000b9200000, 0x00000000bab00000, 0x00000000c3800000)
  object space 25600K, 99% used [0x00000000b9200000,0x00000000baae0260,0x00000000bab00000)
}
Event: 21.464 GC heap before
{Heap before GC invocations=14 (full 0):
 PSYoungGen      total 50688K, used 45312K [0x00000000ebd00000, 0x00000000f0f00000, 0x0000000100000000)
  eden space 43520K, 100% used [0x00000000ebd00000,0x00000000ee780000,0x00000000ee780000)
  from space 7168K, 25% used [0x00000000ee780000,0x00000000ee940000,0x00000000eee80000)
  to   space 7168K, 0% used [0x00000000f0800000,0x00000000f0800000,0x00000000f0f00000)
 ParOldGen       total 40960K, used 18672K [0x00000000c3800000, 0x00000000c6000000, 0x00000000ebd00000)
  object space 40960K, 45% used [0x00000000c3800000,0x00000000c4a3c200,0x00000000c6000000)
 PSPermGen       total 26624K, used 26481K [0x00000000b9200000, 0x00000000bac00000, 0x00000000c3800000)
  object space 26624K, 99% used [0x00000000b9200000,0x00000000babdc638,0x00000000bac00000)
Event: 21.469 GC heap after
Heap after GC invocations=14 (full 0):
 PSYoungGen      total 76800K, used 1868K [0x00000000ebd00000, 0x00000000f0f00000, 0x0000000100000000)
  eden space 69632K, 0% used [0x00000000ebd00000,0x00000000ebd00000,0x00000000f0100000)
  from space 7168K, 26% used [0x00000000f0800000,0x00000000f09d3140,0x00000000f0f00000)
  to   space 7168K, 0% used [0x00000000f0100000,0x00000000f0100000,0x00000000f0800000)
 ParOldGen       total 40960K, used 18864K [0x00000000c3800000, 0x00000000c6000000, 0x00000000ebd00000)
  object space 40960K, 46% used [0x00000000c3800000,0x00000000c4a6c200,0x00000000c6000000)
 PSPermGen       total 26624K, used 26481K [0x00000000b9200000, 0x00000000bac00000, 0x00000000c3800000)
  object space 26624K, 99% used [0x00000000b9200000,0x00000000babdc638,0x00000000bac00000)
}
Event: 27.070 GC heap before
{Heap before GC invocations=15 (full 0):
 PSYoungGen      total 76800K, used 71500K [0x00000000ebd00000, 0x00000000f0f00000, 0x0000000100000000)
  eden space 69632K, 100% used [0x00000000ebd00000,0x00000000f0100000,0x00000000f0100000)
  from space 7168K, 26% used [0x00000000f0800000,0x00000000f09d3140,0x00000000f0f00000)
  to   space 7168K, 0% used [0x00000000f0100000,0x00000000f0100000,0x00000000f0800000)
 ParOldGen       total 40960K, used 18864K [0x00000000c3800000, 0x00000000c6000000, 0x00000000ebd00000)
  object space 40960K, 46% used [0x00000000c3800000,0x00000000c4a6c200,0x00000000c6000000)
 PSPermGen       total 28160K, used 28139K [0x00000000b9200000, 0x00000000bad80000, 0x00000000c3800000)
  object space 28160K, 99% used [0x00000000b9200000,0x00000000bad7ae60,0x00000000bad80000)

Deoptimization events (10 events):
Event: 19.835 Thread 0x00007fa538008800 Uncommon trap: reason=null_check action=make_not_entrant pc=0x00007fa535172a04 method=java.util.jar.JarFile.getJarEntry(Ljava/lang/String;)Ljava/util/jar/JarEntry; @ 5
Event: 20.287 Thread 0x00007fa538a09800 Uncommon trap: reason=unreached action=reinterpret pc=0x00007fa535149d98 method=java.security.AccessControlContext.optimize()Ljava/security/AccessControlContext; @ 267
Event: 20.338 Thread 0x00007fa538a09800 Uncommon trap: reason=unreached action=reinterpret pc=0x00007fa535166fb8 method=javax.swing.UIDefaults.get(Ljava/lang/Object;)Ljava/lang/Object; @ 7
Event: 23.616 Thread 0x00007fa538008800 Uncommon trap: reason=class_check action=maybe_recompile pc=0x00007fa535087ec8 method=java.util.HashMap.put(Ljava/lang/Object;Ljava/lang/Object;)Ljava/lang/Object; @ 105
Event: 23.748 Thread 0x00007fa538008800 Uncommon trap: reason=class_check action=maybe_recompile pc=0x00007fa535087ec8 method=java.util.HashMap.put(Ljava/lang/Object;Ljava/lang/Object;)Ljava/lang/Object; @ 105
Event: 23.992 Thread 0x00007fa538008800 Uncommon trap: reason=class_check action=maybe_recompile pc=0x00007fa535087ec8 method=java.util.HashMap.put(Ljava/lang/Object;Ljava/lang/Object;)Ljava/lang/Object; @ 105
Event: 23.992 Thread 0x00007fa538008800 Uncommon trap: reason=class_check action=maybe_recompile pc=0x00007fa535087ec8 method=java.util.HashMap.put(Ljava/lang/Object;Ljava/lang/Object;)Ljava/lang/Object; @ 105
Event: 24.179 Thread 0x00007fa538008800 Uncommon trap: reason=class_check action=maybe_recompile pc=0x00007fa5350d4f60 method=java.io.DataInputStream.readInt()I @ 4
Event: 24.327 Thread 0x00007fa538008800 Uncommon trap: reason=class_check action=maybe_recompile pc=0x00007fa5350d4f60 method=java.io.DataInputStream.readInt()I @ 4
Event: 25.806 Thread 0x00007fa538008800 Uncommon trap: reason=null_check action=make_not_entrant pc=0x00007fa5350bf08c method=java.net.URL.getURLStreamHandler(Ljava/lang/String;)Ljava/net/URLStreamHandler; @ 7

Internal exceptions (10 events):
Event: 15.578 Thread 0x00007fa538008800 Threw 0x00000000ec0bd2d8 at /build/java7-openjdk/src/icedtea-2.4.1/openjdk/hotspot/src/share/vm/prims/jvm.cpp:1244
Event: 15.580 Thread 0x00007fa538008800 Threw 0x00000000ec0fe2c8 at /build/java7-openjdk/src/icedtea-2.4.1/openjdk/hotspot/src/share/vm/prims/jvm.cpp:1244
Event: 15.582 Thread 0x00007fa538008800 Threw 0x00000000ec13f4e0 at /build/java7-openjdk/src/icedtea-2.4.1/openjdk/hotspot/src/share/vm/prims/jvm.cpp:1244
Event: 15.594 Thread 0x00007fa538008800 Threw 0x00000000ec187670 at /build/java7-openjdk/src/icedtea-2.4.1/openjdk/hotspot/src/share/vm/prims/jvm.cpp:1244
Event: 16.001 Thread 0x00007fa538008800 Implicit null exception at 0x00007fa535119433 to 0x00007fa5351196d9
Event: 19.371 Thread 0x00007fa538008800 Implicit null exception at 0x00007fa53516bd7c to 0x00007fa53516c569
Event: 19.835 Thread 0x00007fa538008800 Implicit null exception at 0x00007fa535172838 to 0x00007fa5351729f9
Event: 24.570 Thread 0x00007fa538008800 Threw 0x00000000ed1c3858 at /build/java7-openjdk/src/icedtea-2.4.1/openjdk/hotspot/src/share/vm/prims/jvm.cpp:1244
Event: 24.570 Thread 0x00007fa538008800 Threw 0x00000000ed1c4c20 at /build/java7-openjdk/src/icedtea-2.4.1/openjdk/hotspot/src/share/vm/prims/jvm.cpp:1244
Event: 25.799 Thread 0x00007fa538008800 Implicit null exception at 0x00007fa5350bf018 to 0x00007fa5350bf081

Events (10 events):
Event: 26.768 loading class 0x00007fa53af77540 done
Event: 26.777 loading class 0x00007fa53afed470
Event: 26.777 loading class 0x00007fa53afed470 done
Event: 26.785 loading class 0x00007fa53afedaa0
Event: 26.785 loading class 0x00007fa53afedaa0 done
Event: 26.797 loading class 0x00007fa53afedeb0
Event: 26.797 loading class 0x00007fa53afedeb0 done
Event: 26.801 loading class 0x00007fa5396daad0
Event: 26.801 loading class 0x00007fa5396daad0 done
Event: 26.857 Executing VM operation: ParallelGCFailedAllocation


Dynamic libraries:
00400000-00401000 r-xp 00000000 08:01 677131                             /usr/lib/jvm/java-7-openjdk/jre/bin/java
00600000-00601000 rw-p 00000000 08:01 677131                             /usr/lib/jvm/java-7-openjdk/jre/bin/java
025f9000-0261a000 rw-p 00000000 00:00 0                                  [heap]
b9200000-bad80000 rw-p 00000000 00:00 0 
bad80000-c3800000 rw-p 00000000 00:00 0 
c3800000-c6000000 rw-p 00000000 00:00 0 
c6000000-ebd00000 rw-p 00000000 00:00 0 
ebd00000-f0f00000 rw-p 00000000 00:00 0 
f3700000-100000000 rw-p 00000000 00:00 0 
7fa4d8000000-7fa4d8021000 rw-p 00000000 00:00 0 
7fa4d8021000-7fa4dc000000 ---p 00000000 00:00 0 
7fa4e0000000-7fa4e0021000 rw-p 00000000 00:00 0 
7fa4e0021000-7fa4e4000000 ---p 00000000 00:00 0 
7fa4e4000000-7fa4e417e000 rw-p 00000000 00:00 0 
7fa4e417e000-7fa4e8000000 ---p 00000000 00:00 0 
7fa4e8000000-7fa4e8021000 rw-p 00000000 00:00 0 
7fa4e8021000-7fa4ec000000 ---p 00000000 00:00 0 
7fa4ec000000-7fa4ec021000 rw-p 00000000 00:00 0 
7fa4ec021000-7fa4f0000000 ---p 00000000 00:00 0 
7fa4f0000000-7fa4f0021000 rw-p 00000000 00:00 0 
7fa4f0021000-7fa4f4000000 ---p 00000000 00:00 0 
7fa4f5490000-7fa4f5498000 r-xp 00000000 08:01 677103                     /usr/lib/jvm/java-7-openjdk/jre/lib/amd64/libmanagement.so
7fa4f5498000-7fa4f5697000 ---p 00008000 08:01 677103                     /usr/lib/jvm/java-7-openjdk/jre/lib/amd64/libmanagement.so
7fa4f5697000-7fa4f5698000 rw-p 00007000 08:01 677103                     /usr/lib/jvm/java-7-openjdk/jre/lib/amd64/libmanagement.so
7fa4f56f0000-7fa4f5922000 rw-s 00000000 00:04 285081622                  /SYSV00000000 (deleted)
7fa4f5922000-7fa4f5966000 r-xp 00000000 08:01 550206                     /usr/lib/libjpeg.so.8.0.2
7fa4f5966000-7fa4f5b65000 ---p 00044000 08:01 550206                     /usr/lib/libjpeg.so.8.0.2
7fa4f5b65000-7fa4f5b66000 r--p 00043000 08:01 550206                     /usr/lib/libjpeg.so.8.0.2
7fa4f5b66000-7fa4f5b67000 rw-p 00044000 08:01 550206                     /usr/lib/libjpeg.so.8.0.2
7fa4f5b67000-7fa4f5b77000 rw-p 00000000 00:00 0 
7fa4f5b80000-7fa4f5b81000 rw-p 00000000 00:00 0 
7fa4f5b81000-7fa4f5b84000 r--s 00032000 08:01 677088                     /usr/lib/jvm/java-7-openjdk/jre/lib/ext/sunjce_provider.jar
7fa4f5b84000-7fa4f5b87000 r--s 0003c000 08:01 676410                     /usr/lib/jvm/java-7-openjdk/jre/lib/ext/sunpkcs11.jar
7fa4f5b87000-7fa4f5b92000 r--s 001fb000 08:01 675837                     /usr/lib/jvm/java-7-openjdk/jre/lib/charsets.jar
7fa4f5b92000-7fa4f5b9d000 r--s 001fb000 08:01 675837                     /usr/lib/jvm/java-7-openjdk/jre/lib/charsets.jar
7fa4f5b9d000-7fa4f5ba6000 r-xp 00000000 08:01 677116                     /usr/lib/jvm/java-7-openjdk/jre/lib/amd64/libjavajpeg.so
7fa4f5ba6000-7fa4f5da6000 ---p 00009000 08:01 677116                     /usr/lib/jvm/java-7-openjdk/jre/lib/amd64/libjavajpeg.so
7fa4f5da6000-7fa4f5da7000 rw-p 00009000 08:01 677116                     /usr/lib/jvm/java-7-openjdk/jre/lib/amd64/libjavajpeg.so
7fa4f5da7000-7fa4f5dc1000 r--s 00000000 08:01 559483                     /usr/share/fonts/Type1/c059013l.pfb
7fa4f5dc1000-7fa4f5dd1000 r--s 00000000 08:01 559462                     /usr/share/fonts/Type1/a010015l.pfb
7fa4f5dd1000-7fa4f5de9000 r--s 00000000 08:01 559492                     /usr/share/fonts/Type1/c059036l.pfb
7fa4f5de9000-7fa4f5dfb000 r--s 00000000 08:01 559480                     /usr/share/fonts/Type1/b018035l.pfb
7fa4f5dfb000-7fa4f5e0d000 r--s 00000000 08:01 559510                     /usr/share/fonts/Type1/n019043l.pfb
7fa4f5e0d000-7fa4f5e29000 r--s 00000000 08:01 559555                     /usr/share/fonts/Type1/p052024l.pfb
7fa4f5e29000-7fa4f5e3e000 r--s 00183000 08:02 17564401                   /home/sshihata/.RapidMiner5/managed/rmx_web-5.3.1.jar
7fa4f5e3e000-7fa4f5ebc000 r--s 01358000 08:02 17564402                   /home/sshihata/.RapidMiner5/managed/rmx_text-5.3.1.jar
7fa4f5ebc000-7fa4f5ed5000 r--s 00000000 08:01 799155                     /var/cache/fontconfig/8d4af663993b81a124ee82e610bb31f9-le64.cache-4
7fa4f5ed5000-7fa4f5ed8000 ---p 00000000 00:00 0 
7fa4f5ed8000-7fa4f5fd6000 rw-p 00000000 00:00 0                          [stack:16663]
7fa4f5fd6000-7fa4f5fd9000 r-xp 00000000 08:01 533929                     /usr/lib/libnss_myhostname.so.2
7fa4f5fd9000-7fa4f61d8000 ---p 00003000 08:01 533929                     /usr/lib/libnss_myhostname.so.2
7fa4f61d8000-7fa4f61d9000 r--p 00002000 08:01 533929                     /usr/lib/libnss_myhostname.so.2
7fa4f61d9000-7fa4f61da000 rw-p 00003000 08:01 533929                     /usr/lib/libnss_myhostname.so.2
7fa4f61da000-7fa4f61df000 r-xp 00000000 08:01 527652                     /usr/lib/libnss_dns-2.17.so
7fa4f61df000-7fa4f63de000 ---p 00005000 08:01 527652                     /usr/lib/libnss_dns-2.17.so
7fa4f63de000-7fa4f63df000 r--p 00004000 08:01 527652                     /usr/lib/libnss_dns-2.17.so
7fa4f63df000-7fa4f63e0000 rw-p 00005000 08:01 527652                     /usr/lib/libnss_dns-2.17.so
7fa4f63e0000-7fa4f642c000 r-xp 00000000 08:01 677115                     /usr/lib/jvm/java-7-openjdk/jre/lib/amd64/libfontmanager.so
7fa4f642c000-7fa4f662b000 ---p 0004c000 08:01 677115                     /usr/lib/jvm/java-7-openjdk/jre/lib/amd64/libfontmanager.so
7fa4f662b000-7fa4f662e000 rw-p 0004b000 08:01 677115                     /usr/lib/jvm/java-7-openjdk/jre/lib/amd64/libfontmanager.so
7fa4f662e000-7fa4f662f000 rw-p 00000000 00:00 0 
7fa4f662f000-7fa4f6632000 ---p 00000000 00:00 0 
7fa4f6632000-7fa4f6730000 rw-p 00000000 00:00 0                          [stack:16647]
7fa4f6730000-7fa4f67f7000 r--s 00db9000 00:1e 342756                     /tmp/jar_cache7432539895507162796.tmp (deleted)
7fa4f67f7000-7fa4f6875000 r--s 01358000 00:1e 342694                     /tmp/jar_cache7806546322330406616.tmp (deleted)
7fa4f6875000-7fa4f688b000 r-xp 00000000 08:01 677101                     /usr/lib/jvm/java-7-openjdk/jre/lib/amd64/libnet.so
7fa4f688b000-7fa4f6a8b000 ---p 00016000 08:01 677101                     /usr/lib/jvm/java-7-openjdk/jre/lib/amd64/libnet.so
7fa4f6a8b000-7fa4f6a8c000 rw-p 00016000 08:01 677101                     /usr/lib/jvm/java-7-openjdk/jre/lib/amd64/libnet.so
7fa4f6a8c000-7fa4f6a9c000 r-xp 00000000 08:01 677102                     /usr/lib/jvm/java-7-openjdk/jre/lib/amd64/libnio.so
7fa4f6a9c000-7fa4f6c9c000 ---p 00010000 08:01 677102                     /usr/lib/jvm/java-7-openjdk/jre/lib/amd64/libnio.so
7fa4f6c9c000-7fa4f6c9d000 rw-p 00010000 08:01 677102                     /usr/lib/jvm/java-7-openjdk/jre/lib/amd64/libnio.so
7fa4f6c9d000-7fa4f6ca0000 ---p 00000000 00:00 0 
7fa4f6ca0000-7fa4f6d9e000 rw-p 00000000 00:00 0 
7fa4f6d9e000-7fa4f6da1000 ---p 00000000 00:00 0 
7fa4f6da1000-7fa4f6e9f000 rw-p 00000000 00:00 0                          [stack:16646]
7fa4f6e9f000-7fa4f6ee4000 r-xp 00000000 08:01 532672                     /usr/lib/libdbus-1.so.3.7.4
7fa4f6ee4000-7fa4f70e4000 ---p 00045000 08:01 532672                     /usr/lib/libdbus-1.so.3.7.4
7fa4f70e4000-7fa4f70e5000 r--p 00045000 08:01 532672                     /usr/lib/libdbus-1.so.3.7.4
7fa4f70e5000-7fa4f70e6000 rw-p 00046000 08:01 532672                     /usr/lib/libdbus-1.so.3.7.4
7fa4f70e6000-7fa4f7153000 r-xp 00000000 08:01 531341                     /usr/lib/libgmp.so.10.1.2
7fa4f7153000-7fa4f7353000 ---p 0006d000 08:01 531341                     /usr/lib/libgmp.so.10.1.2
7fa4f7353000-7fa4f7354000 r--p 0006d000 08:01 531341                     /usr/lib/libgmp.so.10.1.2
7fa4f7354000-7fa4f735d000 rw-p 0006e000 08:01 531341                     /usr/lib/libgmp.so.10.1.2
7fa4f735d000-7fa4f738a000 r-xp 00000000 08:01 550624                     /usr/lib/libhogweed.so.2.5
7fa4f738a000-7fa4f758a000 ---p 0002d000 08:01 550624                     /usr/lib/libhogweed.so.2.5
7fa4f758a000-7fa4f758b000 r--p 0002d000 08:01 550624                     /usr/lib/libhogweed.so.2.5
7fa4f758b000-7fa4f758c000 rw-p 0002e000 08:01 550624                     /usr/lib/libhogweed.so.2.5
7fa4f758c000-7fa4f75b9000 r-xp 00000000 08:01 550626                     /usr/lib/libnettle.so.4.7
7fa4f75b9000-7fa4f77b8000 ---p 0002d000 08:01 550626                     /usr/lib/libnettle.so.4.7
7fa4f77b8000-7fa4f77b9000 r--p 0002c000 08:01 550626                     /usr/lib/libnettle.so.4.7
7fa4f77b9000-7fa4f77ba000 rw-p 0002d000 08:01 550626                     /usr/lib/libnettle.so.4.7
7fa4f77ba000-7fa4f77cc000 r-xp 00000000 08:01 550565                     /usr/lib/libtasn1.so.6.1.1
7fa4f77cc000-7fa4f79cc000 ---p 00012000 08:01 550565                     /usr/lib/libtasn1.so.6.1.1
7fa4f79cc000-7fa4f79cd000 r--p 00012000 08:01 550565                     /usr/lib/libtasn1.so.6.1.1
7fa4f79cd000-7fa4f79ce000 rw-p 00013000 08:01 550565                     /usr/lib/libtasn1.so.6.1.1
7fa4f79ce000-7fa4f79ec000 r-xp 00000000 08:01 550639                     /usr/lib/libp11-kit.so.0.0.0
7fa4f79ec000-7fa4f7bec000 ---p 0001e000 08:01 550639                     /usr/lib/libp11-kit.so.0.0.0
7fa4f7bec000-7fa4f7bee000 r--p 0001e000 08:01 550639                     /usr/lib/libp11-kit.so.0.0.0
7fa4f7bee000-7fa4f7bef000 rw-p 00020000 08:01 550639                     /usr/lib/libp11-kit.so.0.0.0
7fa4f7bef000-7fa4f7bf2000 r-xp 00000000 08:01 537164                     /usr/lib/libkeyutils.so.1.4
7fa4f7bf2000-7fa4f7df1000 ---p 00003000 08:01 537164                     /usr/lib/libkeyutils.so.1.4
7fa4f7df1000-7fa4f7df2000 r--p 00002000 08:01 537164                     /usr/lib/libkeyutils.so.1.4
7fa4f7df2000-7fa4f7df3000 rw-p 00003000 08:01 537164                     /usr/lib/libkeyutils.so.1.4
7fa4f7df3000-7fa4f7dfe000 r-xp 00000000 08:01 537260                     /usr/lib/libkrb5support.so.0.1
7fa4f7dfe000-7fa4f7ffe000 ---p 0000b000 08:01 537260                     /usr/lib/libkrb5support.so.0.1
7fa4f7ffe000-7fa4f7fff000 r--p 0000b000 08:01 537260                     /usr/lib/libkrb5support.so.0.1
7fa4f7fff000-7fa4f8000000 rw-p 0000c000 08:01 537260                     /usr/lib/libkrb5support.so.0.1
7fa4f8000000-7fa4f8021000 rw-p 00000000 00:00 0 
7fa4f8021000-7fa4fc000000 ---p 00000000 00:00 0 
7fa4fc000000-7fa4fc002000 r--s 00017000 08:01 675835                     /usr/lib/jvm/java-7-openjdk/jre/lib/jce.jar
7fa4fc002000-7fa4fc008000 rw-s 00000000 00:04 286064687                  /SYSV00000000 (deleted)
7fa4fc008000-7fa4fc009000 r--s 00002000 08:01 676411                     /usr/lib/jvm/java-7-openjdk/jre/lib/ext/dnsns.jar
7fa4fc009000-7fa4fc014000 r--s 00000000 08:01 799735                     /var/cache/fontconfig/a98d8961fa319a64d3cfd8640c79e62d-le64.cache-4
7fa4fc014000-7fa4fc015000 r--s 00000000 08:01 799754                     /var/cache/fontconfig/6ba42ae0000f58711b5caaf10d690066-le64.cache-4
7fa4fc015000-7fa4fc020000 r--s 00000000 08:01 799753                     /var/cache/fontconfig/d62e99ef547d1d24cdb1bd22ec1a2976-le64.cache-4
7fa4fc020000-7fa4fc038000 r--s 00000000 08:01 799737                     /var/cache/fontconfig/f6b893a7224233d96cb72fd88691c0b4-le64.cache-4
7fa4fc038000-7fa4fc03c000 r--s 00085000 08:01 677087                     /usr/lib/jvm/java-7-openjdk/jre/lib/ext/localedata.jar
7fa4fc03c000-7fa4fc040000 r--s 00027000 00:1e 342772                     /tmp/jar_cache4993521702687507426.tmp (deleted)
7fa4fc040000-7fa4fc046000 r--s 00027000 00:1e 342770                     /tmp/jar_cache1966563127588280311.tmp (deleted)
7fa4fc046000-7fa4fc047000 r--s 00005000 00:1e 342768                     /tmp/jar_cache4606726178134718238.tmp (deleted)
7fa4fc047000-7fa4fc049000 r--s 0001c000 00:1e 342766                     /tmp/jar_cache3959757253091584175.tmp (deleted)
7fa4fc049000-7fa4fc04a000 r--s 0000b000 00:1e 342764                     /tmp/jar_cache2764069586903914599.tmp (deleted)
7fa4fc04a000-7fa4fc04f000 r--s 00066000 00:1e 342760                     /tmp/jar_cache17613338494863405.tmp (deleted)
7fa4fc04f000-7fa4fc053000 r--s 00017000 00:1e 342758                     /tmp/jar_cache4951842694581824949.tmp (deleted)
7fa4fc053000-7fa4fc056000 r--s 00022000 00:1e 342754                     /tmp/jar_cache8351677471891997251.tmp (deleted)
7fa4fc056000-7fa4fc05c000 r--s 0002f000 00:1e 342750                     /tmp/jar_cache1417991276118014491.tmp (deleted)
7fa4fc05c000-7fa4fc05f000 ---p 00000000 00:00 0 
7fa4fc05f000-7fa4fc15d000 rw-p 00000000 00:00 0                          [stack:16630]
7fa4fc15d000-7fa4fc162000 r-xp 00000000 08:01 549409                     /usr/lib/libXxf86vm.so.1.0.0
7fa4fc162000-7fa4fc361000 ---p 00005000 08:01 549409                     /usr/lib/libXxf86vm.so.1.0.0
7fa4fc361000-7fa4fc362000 r--p 00004000 08:01 549409                     /usr/lib/libXxf86vm.so.1.0.0
7fa4fc362000-7fa4fc363000 rw-p 00005000 08:01 549409                     /usr/lib/libXxf86vm.so.1.0.0
7fa4fc363000-7fa4fc378000 r-xp 00000000 08:01 547273                     /usr/lib/libxcb-glx.so.0.0.0
7fa4fc378000-7fa4fc578000 ---p 00015000 08:01 547273                     /usr/lib/libxcb-glx.so.0.0.0
7fa4fc578000-7fa4fc57a000 r--p 00015000 08:01 547273                     /usr/lib/libxcb-glx.so.0.0.0
7fa4fc57a000-7fa4fc57b000 rw-p 00017000 08:01 547273                     /usr/lib/libxcb-glx.so.0.0.0
7fa4fc57b000-7fa4fc58b000 r-xp 00000000 08:01 533920                     /usr/lib/libudev.so.1.3.5
7fa4fc58b000-7fa4fc78b000 ---p 00010000 08:01 533920                     /usr/lib/libudev.so.1.3.5
7fa4fc78b000-7fa4fc78c000 r--p 00010000 08:01 533920                     /usr/lib/libudev.so.1.3.5
7fa4fc78c000-7fa4fc78d000 rw-p 00011000 08:01 533920                     /usr/lib/libudev.so.1.3.5
7fa4fc78d000-7fa4fc7ae000 r-xp 00000000 08:01 549750                     /usr/lib/libglapi.so.0.0.0
7fa4fc7ae000-7fa4fc9ae000 ---p 00021000 08:01 549750                     /usr/lib/libglapi.so.0.0.0
7fa4fc9ae000-7fa4fc9b1000 r--p 00021000 08:01 549750                     /usr/lib/libglapi.so.0.0.0
7fa4fc9b1000-7fa4fc9b2000 rw-p 00024000 08:01 549750                     /usr/lib/libglapi.so.0.0.0
7fa4fc9b2000-7fa4fc9b3000 rw-p 00000000 00:00 0 
7fa4fc9b3000-7fa4fc9b8000 r-xp 00000000 08:01 549755                     /usr/lib/libgbm.so.1.0.0
7fa4fc9b8000-7fa4fcbb7000 ---p 00005000 08:01 549755                     /usr/lib/libgbm.so.1.0.0
7fa4fcbb7000-7fa4fcbb8000 r--p 00004000 08:01 549755                     /usr/lib/libgbm.so.1.0.0
7fa4fcbb8000-7fa4fcbb9000 rw-p 00005000 08:01 549755                     /usr/lib/libgbm.so.1.0.0
7fa4fcbb9000-7fa4fcbc7000 r-xp 00000000 08:01 549673                     /usr/lib/libwayland-server.so.0.1.0
7fa4fcbc7000-7fa4fcdc6000 ---p 0000e000 08:01 549673                     /usr/lib/libwayland-server.so.0.1.0
7fa4fcdc6000-7fa4fcdc8000 r--p 0000d000 08:01 549673                     /usr/lib/libwayland-server.so.0.1.0
7fa4fcdc8000-7fa4fcdc9000 rw-p 0000f000 08:01 549673                     /usr/lib/libwayland-server.so.0.1.0
7fa4fcdc9000-7fa4fcdd4000 r-xp 00000000 08:01 549674                     /usr/lib/libwayland-client.so.0.1.0
7fa4fcdd4000-7fa4fcfd3000 ---p 0000b000 08:01 549674                     /usr/lib/libwayland-client.so.0.1.0
7fa4fcfd3000-7fa4fcfd5000 r--p 0000a000 08:01 549674                     /usr/lib/libwayland-client.so.0.1.0
7fa4fcfd5000-7fa4fcfd6000 rw-p 0000c000 08:01 549674                     /usr/lib/libwayland-client.so.0.1.0
7fa4fcfd6000-7fa4fcfd8000 r-xp 00000000 08:01 547280                     /usr/lib/libxcb-shape.so.0.0.0
7fa4fcfd8000-7fa4fd1d8000 ---p 00002000 08:01 547280                     /usr/lib/libxcb-shape.so.0.0.0
7fa4fd1d8000-7fa4fd1d9000 r--p 00002000 08:01 547280                     /usr/lib/libxcb-shape.so.0.0.0
7fa4fd1d9000-7fa4fd1da000 rw-p 00003000 08:01 547280                     /usr/lib/libxcb-shape.so.0.0.0
7fa4fd1da000-7fa4fd1df000 r-xp 00000000 08:01 547285                     /usr/lib/libxcb-xfixes.so.0.0.0
7fa4fd1df000-7fa4fd3df000 ---p 00005000 08:01 547285                     /usr/lib/libxcb-xfixes.so.0.0.0
7fa4fd3df000-7fa4fd3e0000 r--p 00005000 08:01 547285                     /usr/lib/libxcb-xfixes.so.0.0.0
7fa4fd3e0000-7fa4fd3e1000 rw-p 00006000 08:01 547285                     /usr/lib/libxcb-xfixes.so.0.0.0
7fa4fd3e1000-7fa4fd3e4000 r-xp 00000000 08:01 547272                     /usr/lib/libxcb-dri2.so.0.0.0
7fa4fd3e4000-7fa4fd5e4000 ---p 00003000 08:01 547272                     /usr/lib/libxcb-dri2.so.0.0.0
7fa4fd5e4000-7fa4fd5e5000 r--p 00003000 08:01 547272                     /usr/lib/libxcb-dri2.so.0.0.0
7fa4fd5e5000-7fa4fd5e6000 rw-p 00004000 08:01 547272                     /usr/lib/libxcb-dri2.so.0.0.0
7fa4fd5e6000-7fa4fd5e7000 r-xp 00000000 08:01 548165                     /usr/lib/libX11-xcb.so.1.0.0
7fa4fd5e7000-7fa4fd7e6000 ---p 00001000 08:01 548165                     /usr/lib/libX11-xcb.so.1.0.0
7fa4fd7e6000-7fa4fd7e7000 r--p 00000000 08:01 548165                     /usr/lib/libX11-xcb.so.1.0.0
7fa4fd7e7000-7fa4fd7e8000 rw-p 00001000 08:01 548165                     /usr/lib/libX11-xcb.so.1.0.0
7fa4fd7e8000-7fa4fd802000 r-xp 00000000 08:01 551762                     /usr/lib/libgraphite2.so.3.0.1
7fa4fd802000-7fa4fda01000 ---p 0001a000 08:01 551762                     /usr/lib/libgraphite2.so.3.0.1
7fa4fda01000-7fa4fda03000 r--p 00019000 08:01 551762                     /usr/lib/libgraphite2.so.3.0.1
7fa4fda03000-7fa4fda04000 rw-p 0001b000 08:01 551762                     /usr/lib/libgraphite2.so.3.0.1
7fa4fda04000-7fa4fda09000 r-xp 00000000 08:01 544955                     /usr/lib/libXdmcp.so.6.0.0
7fa4fda09000-7fa4fdc08000 ---p 00005000 08:01 544955                     /usr/lib/libXdmcp.so.6.0.0
7fa4fdc08000-7fa4fdc09000 r--p 00004000 08:01 544955                     /usr/lib/libXdmcp.so.6.0.0
7fa4fdc09000-7fa4fdc0a000 rw-p 00005000 08:01 544955                     /usr/lib/libXdmcp.so.6.0.0
7fa4fdc0a000-7fa4fdc0c000 r-xp 00000000 08:01 545099                     /usr/lib/libXau.so.6.0.0
7fa4fdc0c000-7fa4fde0c000 ---p 00002000 08:01 545099                     /usr/lib/libXau.so.6.0.0
7fa4fde0c000-7fa4fde0d000 r--p 00002000 08:01 545099                     /usr/lib/libXau.so.6.0.0
7fa4fde0d000-7fa4fde0e000 rw-p 00003000 08:01 545099                     /usr/lib/libXau.so.6.0.0
7fa4fde0e000-7fa4fde16000 r-xp 00000000 08:01 527606                     /usr/lib/libcrypt-2.17.so
7fa4fde16000-7fa4fe015000 ---p 00008000 08:01 527606                     /usr/lib/libcrypt-2.17.so
7fa4fe015000-7fa4fe016000 r--p 00007000 08:01 527606                     /usr/lib/libcrypt-2.17.so
7fa4fe016000-7fa4fe017000 rw-p 00008000 08:01 527606                     /usr/lib/libcrypt-2.17.so
7fa4fe017000-7fa4fe045000 rw-p 00000000 00:00 0 
7fa4fe045000-7fa4fe055000 r-xp 00000000 08:01 551622                     /usr/lib/libavahi-client.so.3.2.9
7fa4fe055000-7fa4fe254000 ---p 00010000 08:01 551622                     /usr/lib/libavahi-client.so.3.2.9
7fa4fe254000-7fa4fe255000 r--p 0000f000 08:01 551622                     /usr/lib/libavahi-client.so.3.2.9
7fa4fe255000-7fa4fe256000 rw-p 00010000 08:01 551622                     /usr/lib/libavahi-client.so.3.2.9
7fa4fe256000-7fa4fe262000 r-xp 00000000 08:01 551625                     /usr/lib/libavahi-common.so.3.5.3
7fa4fe262000-7fa4fe461000 ---p 0000c000 08:01 551625                     /usr/lib/libavahi-common.so.3.5.3
7fa4fe461000-7fa4fe462000 r--p 0000b000 08:01 551625                     /usr/lib/libavahi-common.so.3.5.3
7fa4fe462000-7fa4fe463000 rw-p 0000c000 08:01 551625                     /usr/lib/libavahi-common.so.3.5.3
7fa4fe463000-7fa4fe569000 r-xp 00000000 08:01 551531                     /usr/lib/libgnutls.so.28.23.0
7fa4fe569000-7fa4fe769000 ---p 00106000 08:01 551531                     /usr/lib/libgnutls.so.28.23.0
7fa4fe769000-7fa4fe771000 r--p 00106000 08:01 551531                     /usr/lib/libgnutls.so.28.23.0
7fa4fe771000-7fa4fe773000 rw-p 0010e000 08:01 551531                     /usr/lib/libgnutls.so.28.23.0
7fa4fe773000-7fa4fe774000 rw-p 00000000 00:00 0 
7fa4fe774000-7fa4fe777000 r-xp 00000000 08:01 534317                     /usr/lib/libcom_err.so.2.1
7fa4fe777000-7fa4fe976000 ---p 00003000 08:01 534317                     /usr/lib/libcom_err.so.2.1
7fa4fe976000-7fa4fe977000 r--p 00002000 08:01 534317                     /usr/lib/libcom_err.so.2.1
7fa4fe977000-7fa4fe978000 rw-p 00003000 08:01 534317                     /usr/lib/libcom_err.so.2.1
7fa4fe978000-7fa4fe9aa000 r-xp 00000000 08:01 537262                     /usr/lib/libk5crypto.so.3.1
7fa4fe9aa000-7fa4feba9000 ---p 00032000 08:01 537262                     /usr/lib/libk5crypto.so.3.1
7fa4feba9000-7fa4febab000 r--p 00031000 08:01 537262                     /usr/lib/libk5crypto.so.3.1
7fa4febab000-7fa4febac000 rw-p 00033000 08:01 537262                     /usr/lib/libk5crypto.so.3.1
7fa4febac000-7fa4febad000 rw-p 00000000 00:00 0 
7fa4febad000-7fa4fec7b000 r-xp 00000000 08:01 537263                     /usr/lib/libkrb5.so.3.3
7fa4fec7b000-7fa4fee7a000 ---p 000ce000 08:01 537263                     /usr/lib/libkrb5.so.3.3
7fa4fee7a000-7fa4fee88000 r--p 000cd000 08:01 537263                     /usr/lib/libkrb5.so.3.3
7fa4fee88000-7fa4fee8b000 rw-p 000db000 08:01 537263                     /usr/lib/libkrb5.so.3.3
7fa4fee8b000-7fa4feed2000 r-xp 00000000 08:01 537264                     /usr/lib/libgssapi_krb5.so.2.2
7fa4feed2000-7fa4ff0d2000 ---p 00047000 08:01 537264                     /usr/lib/libgssapi_krb5.so.2.2
7fa4ff0d2000-7fa4ff0d3000 r--p 00047000 08:01 537264                     /usr/lib/libgssapi_krb5.so.2.2
7fa4ff0d3000-7fa4ff0d5000 rw-p 00048000 08:01 537264                     /usr/lib/libgssapi_krb5.so.2.2
7fa4ff0d5000-7fa4ff0fc000 r-xp 00000000 08:01 532615                     /usr/lib/libexpat.so.1.6.0
7fa4ff0fc000-7fa4ff2fc000 ---p 00027000 08:01 532615                     /usr/lib/libexpat.so.1.6.0
7fa4ff2fc000-7fa4ff2fe000 r--p 00027000 08:01 532615                     /usr/lib/libexpat.so.1.6.0
7fa4ff2fe000-7fa4ff2ff000 rw-p 00029000 08:01 532615                     /usr/lib/libexpat.so.1.6.0
7fa4ff2ff000-7fa4ff30e000 r-xp 00000000 08:01 530603                     /usr/lib/libbz2.so.1.0.6
7fa4ff30e000-7fa4ff50d000 ---p 0000f000 08:01 530603                     /usr/lib/libbz2.so.1.0.6
7fa4ff50d000-7fa4ff50f000 rw-p 0000e000 08:01 530603                     /usr/lib/libbz2.so.1.0.6
7fa4ff50f000-7fa4ff522000 r-xp 00000000 08:01 527592                     /usr/lib/libresolv-2.17.so
7fa4ff522000-7fa4ff722000 ---p 00013000 08:01 527592                     /usr/lib/libresolv-2.17.so
7fa4ff722000-7fa4ff723000 r--p 00013000 08:01 527592                     /usr/lib/libresolv-2.17.so
7fa4ff723000-7fa4ff724000 rw-p 00014000 08:01 527592                     /usr/lib/libresolv-2.17.so
7fa4ff724000-7fa4ff726000 rw-p 00000000 00:00 0 
7fa4ff726000-7fa4ff78e000 r-xp 00000000 08:01 532866                     /usr/lib/libpcre.so.1.2.1
7fa4ff78e000-7fa4ff98e000 ---p 00068000 08:01 532866                     /usr/lib/libpcre.so.1.2.1
7fa4ff98e000-7fa4ff98f000 r--p 00068000 08:01 532866                     /usr/lib/libpcre.so.1.2.1
7fa4ff98f000-7fa4ff990000 rw-p 00069000 08:01 532866                     /usr/lib/libpcre.so.1.2.1
7fa4ff990000-7fa4ff997000 r-xp 00000000 08:01 532894                     /usr/lib/libffi.so.6.0.1
7fa4ff997000-7fa4ffb96000 ---p 00007000 08:01 532894                     /usr/lib/libffi.so.6.0.1
7fa4ffb96000-7fa4ffb97000 r--p 00006000 08:01 532894                     /usr/lib/libffi.so.6.0.1
7fa4ffb97000-7fa4ffb98000 rw-p 00007000 08:01 532894                     /usr/lib/libffi.so.6.0.1
7fa4ffb98000-7fa4ffbf2000 r-xp 00000000 08:01 549760                     /usr/lib/mesa-libGL.so.1.2.0
7fa4ffbf2000-7fa4ffdf2000 ---p 0005a000 08:01 549760                     /usr/lib/mesa-libGL.so.1.2.0
7fa4ffdf2000-7fa4ffdf4000 r--p 0005a000 08:01 549760                     /usr/lib/mesa-libGL.so.1.2.0
7fa4ffdf4000-7fa4ffdf5000 rw-p 0005c000 08:01 549760                     /usr/lib/mesa-libGL.so.1.2.0
7fa4ffdf5000-7fa4ffdf6000 rw-p 00000000 00:00 0 
7fa4ffdf6000-7fa4ffdfe000 r-xp 00000000 08:01 547277                     /usr/lib/libxcb-render.so.0.0.0
7fa4ffdfe000-7fa4ffffe000 ---p 00008000 08:01 547277                     /usr/lib/libxcb-render.so.0.0.0
7fa4ffffe000-7fa4fffff000 r--p 00008000 08:01 547277                     /usr/lib/libxcb-render.so.0.0.0
7fa4fffff000-7fa500000000 rw-p 00009000 08:01 547277                     /usr/lib/libxcb-render.so.0.0.0
7fa500000000-7fa5006f4000 rw-p 00000000 00:00 0 
7fa5006f4000-7fa504000000 ---p 00000000 00:00 0 
7fa504000000-7fa504021000 rw-p 00000000 00:00 0 
7fa504021000-7fa508000000 ---p 00000000 00:00 0 
7fa508000000-7fa508021000 rw-p 00000000 00:00 0 
7fa508021000-7fa50c000000 ---p 00000000 00:00 0 
7fa50c000000-7fa50c868000 rw-p 00000000 00:00 0 
7fa50c868000-7fa510000000 ---p 00000000 00:00 0 
7fa510000000-7fa510021000 rw-p 00000000 00:00 0 
7fa510021000-7fa514000000 ---p 00000000 00:00 0 
7fa514000000-7fa514021000 rw-p 00000000 00:00 0 
7fa514021000-7fa518000000 ---p 00000000 00:00 0 
7fa518000000-7fa518021000 rw-p 00000000 00:00 0 
7fa518021000-7fa51c000000 ---p 00000000 00:00 0 
7fa51c000000-7fa51c021000 rw-p 00000000 00:00 0 
7fa51c021000-7fa520000000 ---p 00000000 00:00 0 
7fa520000000-7fa520021000 rw-p 00000000 00:00 0 
7fa520021000-7fa524000000 ---p 00000000 00:00 0 
7fa524000000-7fa524002000 r--s 00007000 00:1e 342752                     /tmp/jar_cache6976828597002421421.tmp (deleted)
7fa524002000-7fa524009000 r--s 000ba000 00:1e 342748                     /tmp/jar_cache6605674654647389314.tmp (deleted)
7fa524009000-7fa524011000 r--s 0005a000 00:1e 338883                     /tmp/jar_cache2135701632060525512.tmp (deleted)
7fa524011000-7fa524013000 r--s 00005000 00:1e 338881                     /tmp/jar_cache720043889699490341.tmp (deleted)
7fa524013000-7fa524022000 r--s 000d9000 00:1e 342746                     /tmp/jar_cache631693466192321189.tmp (deleted)
7fa524022000-7fa52405f000 r--s 0024f000 00:1e 342726                     /tmp/jar_cache6337982020074534737.tmp (deleted)
7fa52405f000-7fa5240f1000 r--s 003ec000 00:1e 339818                     /tmp/jar_cache266558788791842321.tmp (deleted)
7fa5240f1000-7fa5240f4000 ---p 00000000 00:00 0 
7fa5240f4000-7fa5241f2000 rw-p 00000000 00:00 0                          [stack:16629]
7fa5241f2000-7fa5241f4000 r-xp 00000000 08:01 547281                     /usr/lib/libxcb-shm.so.0.0.0
7fa5241f4000-7fa5243f3000 ---p 00002000 08:01 547281                     /usr/lib/libxcb-shm.so.0.0.0
7fa5243f3000-7fa5243f4000 r--p 00001000 08:01 547281                     /usr/lib/libxcb-shm.so.0.0.0
7fa5243f4000-7fa5243f5000 rw-p 00002000 08:01 547281                     /usr/lib/libxcb-shm.so.0.0.0
7fa5243f5000-7fa524429000 r-xp 00000000 08:01 550165                     /usr/lib/libpng16.so.16.3.0
7fa524429000-7fa524628000 ---p 00034000 08:01 550165                     /usr/lib/libpng16.so.16.3.0
7fa524628000-7fa524629000 r--p 00033000 08:01 550165                     /usr/lib/libpng16.so.16.3.0
7fa524629000-7fa52462a000 rw-p 00034000 08:01 550165                     /usr/lib/libpng16.so.16.3.0
7fa52462a000-7fa52464b000 r-xp 00000000 08:01 549757                     /usr/lib/libEGL.so.1.0.0
7fa52464b000-7fa52484b000 ---p 00021000 08:01 549757                     /usr/lib/libEGL.so.1.0.0
7fa52484b000-7fa52484c000 r--p 00021000 08:01 549757                     /usr/lib/libEGL.so.1.0.0
7fa52484c000-7fa52484d000 rw-p 00022000 08:01 549757                     /usr/lib/libEGL.so.1.0.0
7fa52484d000-7fa5248ee000 r-xp 00000000 08:01 545085                     /usr/lib/libpixman-1.so.0.30.0
7fa5248ee000-7fa524aee000 ---p 000a1000 08:01 545085                     /usr/lib/libpixman-1.so.0.30.0
7fa524aee000-7fa524af5000 r--p 000a1000 08:01 545085                     /usr/lib/libpixman-1.so.0.30.0
7fa524af5000-7fa524af6000 rw-p 000a8000 08:01 545085                     /usr/lib/libpixman-1.so.0.30.0
7fa524af6000-7fa524b47000 r-xp 00000000 08:01 551772                     /usr/lib/libharfbuzz.so.0.919.0
7fa524b47000-7fa524d47000 ---p 00051000 08:01 551772                     /usr/lib/libharfbuzz.so.0.919.0
7fa524d47000-7fa524d48000 r--p 00051000 08:01 551772                     /usr/lib/libharfbuzz.so.0.919.0
7fa524d48000-7fa524d49000 rw-p 00052000 08:01 551772                     /usr/lib/libharfbuzz.so.0.919.0
7fa524d49000-7fa524d4b000 r-xp 00000000 08:01 549690                     /usr/lib/libXdamage.so.1.1.0
7fa524d4b000-7fa524f4a000 ---p 00002000 08:01 549690                     /usr/lib/libXdamage.so.1.1.0
7fa524f4a000-7fa524f4b000 r--p 00001000 08:01 549690                     /usr/lib/libXdamage.so.1.1.0
7fa524f4b000-7fa524f4c000 rw-p 00002000 08:01 549690                     /usr/lib/libXdamage.so.1.1.0
7fa524f4c000-7fa524f4e000 r-xp 00000000 08:01 551744                     /usr/lib/libXcomposite.so.1.0.0
7fa524f4e000-7fa52514d000 ---p 00002000 08:01 551744                     /usr/lib/libXcomposite.so.1.0.0
7fa52514d000-7fa52514e000 r--p 00001000 08:01 551744                     /usr/lib/libXcomposite.so.1.0.0
7fa52514e000-7fa52514f000 rw-p 00002000 08:01 551744                     /usr/lib/libXcomposite.so.1.0.0
7fa52514f000-7fa525159000 r-xp 00000000 08:01 549591                     /usr/lib/libXcursor.so.1.0.2
7fa525159000-7fa525358000 ---p 0000a000 08:01 549591                     /usr/lib/libXcursor.so.1.0.2
7fa525358000-7fa525359000 r--p 00009000 08:01 549591                     /usr/lib/libXcursor.so.1.0.2
7fa525359000-7fa52535a000 rw-p 0000a000 08:01 549591                     /usr/lib/libXcursor.so.1.0.2
7fa52535a000-7fa525363000 r-xp 00000000 08:01 549517                     /usr/lib/libXrandr.so.2.2.0
7fa525363000-7fa525562000 ---p 00009000 08:01 549517                     /usr/lib/libXrandr.so.2.2.0
7fa525562000-7fa525563000 r--p 00008000 08:01 549517                     /usr/lib/libXrandr.so.2.2.0
7fa525563000-7fa525564000 rw-p 00009000 08:01 549517                     /usr/lib/libXrandr.so.2.2.0
7fa525564000-7fa525566000 r-xp 00000000 08:01 549529                     /usr/lib/libXinerama.so.1.0.0
7fa525566000-7fa525765000 ---p 00002000 08:01 549529                     /usr/lib/libXinerama.so.1.0.0
7fa525765000-7fa525766000 r--p 00001000 08:01 549529                     /usr/lib/libXinerama.so.1.0.0
7fa525766000-7fa525767000 rw-p 00002000 08:01 549529                     /usr/lib/libXinerama.so.1.0.0
7fa525767000-7fa52576c000 r-xp 00000000 08:01 549553                     /usr/lib/libXfixes.so.3.1.0
7fa52576c000-7fa52596b000 ---p 00005000 08:01 549553                     /usr/lib/libXfixes.so.3.1.0
7fa52596b000-7fa52596c000 r--p 00004000 08:01 549553                     /usr/lib/libXfixes.so.3.1.0
7fa52596c000-7fa52596d000 rw-p 00005000 08:01 549553                     /usr/lib/libXfixes.so.3.1.0
7fa52596d000-7fa525970000 r-xp 00000000 08:01 533374                     /usr/lib/libgmodule-2.0.so.0.3600.3
7fa525970000-7fa525b6f000 ---p 00003000 08:01 533374                     /usr/lib/libgmodule-2.0.so.0.3600.3
7fa525b6f000-7fa525b70000 r--p 00002000 08:01 533374                     /usr/lib/libgmodule-2.0.so.0.3600.3
7fa525b70000-7fa525b71000 rw-p 00003000 08:01 533374                     /usr/lib/libgmodule-2.0.so.0.3600.3
7fa525b71000-7fa525b8f000 r-xp 00000000 08:01 547268                     /usr/lib/libxcb.so.1.1.0
7fa525b8f000-7fa525d8e000 ---p 0001e000 08:01 547268                     /usr/lib/libxcb.so.1.1.0
7fa525d8e000-7fa525d8f000 r--p 0001d000 08:01 547268                     /usr/lib/libxcb.so.1.1.0
7fa525d8f000-7fa525d90000 rw-p 0001e000 08:01 547268                     /usr/lib/libxcb.so.1.1.0
7fa525d90000-7fa525ded000 r-xp 00000000 08:01 551725                     /usr/lib/libcups.so.2
7fa525ded000-7fa525fed000 ---p 0005d000 08:01 551725                     /usr/lib/libcups.so.2
7fa525fed000-7fa525ff2000 rw-p 0005d000 08:01 551725                     /usr/lib/libcups.so.2
7fa525ff2000-7fa5260ee000 r-xp 00000000 08:01 533373                     /usr/lib/libglib-2.0.so.0.3600.3
7fa5260ee000-7fa5262ed000 ---p 000fc000 08:01 533373                     /usr/lib/libglib-2.0.so.0.3600.3
7fa5262ed000-7fa5262ee000 r--p 000fb000 08:01 533373                     /usr/lib/libglib-2.0.so.0.3600.3
7fa5262ee000-7fa5262ef000 rw-p 000fc000 08:01 533373                     /usr/lib/libglib-2.0.so.0.3600.3
7fa5262ef000-7fa5262f0000 rw-p 00000000 00:00 0 
7fa5262f0000-7fa5262f1000 r-xp 00000000 08:01 533375                     /usr/lib/libgthread-2.0.so.0.3600.3
7fa5262f1000-7fa5264f0000 ---p 00001000 08:01 533375                     /usr/lib/libgthread-2.0.so.0.3600.3
7fa5264f0000-7fa5264f1000 r--p 00000000 08:01 533375                     /usr/lib/libgthread-2.0.so.0.3600.3
7fa5264f1000-7fa5264f2000 rw-p 00001000 08:01 533375                     /usr/lib/libgthread-2.0.so.0.3600.3
7fa5264f2000-7fa52652c000 r-xp 00000000 08:01 548470                     /usr/lib/libfontconfig.so.1.7.0
7fa52652c000-7fa52672b000 ---p 0003a000 08:01 548470                     /usr/lib/libfontconfig.so.1.7.0
7fa52672b000-7fa52672d000 r--p 00039000 08:01 548470                     /usr/lib/libfontconfig.so.1.7.0
7fa52672d000-7fa52672e000 rw-p 0003b000 08:01 548470                     /usr/lib/libfontconfig.so.1.7.0
7fa52672e000-7fa5267ca000 r-xp 00000000 08:01 545017                     /usr/lib/libfreetype.so.6.10.2
7fa5267ca000-7fa5269ca000 ---p 0009c000 08:01 545017                     /usr/lib/libfreetype.so.6.10.2
7fa5269ca000-7fa5269cf000 r--p 0009c000 08:01 545017                     /usr/lib/libfreetype.so.6.10.2
7fa5269cf000-7fa5269d0000 rw-p 000a1000 08:01 545017                     /usr/lib/libfreetype.so.6.10.2
7fa5269d0000-7fa526a1d000 r-xp 00000000 08:01 533376                     /usr/lib/libgobject-2.0.so.0.3600.3
7fa526a1d000-7fa526c1d000 ---p 0004d000 08:01 533376                     /usr/lib/libgobject-2.0.so.0.3600.3
7fa526c1d000-7fa526c1e000 r--p 0004d000 08:01 533376                     /usr/lib/libgobject-2.0.so.0.3600.3
7fa526c1e000-7fa526c1f000 rw-p 0004e000 08:01 533376                     /usr/lib/libgobject-2.0.so.0.3600.3
7fa526c1f000-7fa526c67000 r-xp 00000000 08:01 551786                     /usr/lib/libpango-1.0.so.0.3400.1
7fa526c67000-7fa526e67000 ---p 00048000 08:01 551786                     /usr/lib/libpango-1.0.so.0.3400.1
7fa526e67000-7fa526e69000 r--p 00048000 08:01 551786                     /usr/lib/libpango-1.0.so.0.3400.1
7fa526e69000-7fa526e6a000 rw-p 0004a000 08:01 551786                     /usr/lib/libpango-1.0.so.0.3400.1
7fa526e6a000-7fa526e7e000 r-xp 00000000 08:01 551787                     /usr/lib/libpangoft2-1.0.so.0.3400.1
7fa526e7e000-7fa52707d000 ---p 00014000 08:01 551787                     /usr/lib/libpangoft2-1.0.so.0.3400.1
7fa52707d000-7fa52707e000 r--p 00013000 08:01 551787                     /usr/lib/libpangoft2-1.0.so.0.3400.1
7fa52707e000-7fa52707f000 rw-p 00014000 08:01 551787                     /usr/lib/libpangoft2-1.0.so.0.3400.1
7fa52707f000-7fa5271d1000 r-xp 00000000 08:01 533377                     /usr/lib/libgio-2.0.so.0.3600.3
7fa5271d1000-7fa5273d1000 ---p 00152000 08:01 533377                     /usr/lib/libgio-2.0.so.0.3600.3
7fa5273d1000-7fa5273d5000 r--p 00152000 08:01 533377                     /usr/lib/libgio-2.0.so.0.3600.3
7fa5273d5000-7fa5273d7000 rw-p 00156000 08:01 533377                     /usr/lib/libgio-2.0.so.0.3600.3
7fa5273d7000-7fa5273d9000 rw-p 00000000 00:00 0 
7fa5273d9000-7fa5273fb000 r-xp 00000000 08:01 550500                     /usr/lib/libgdk_pixbuf-2.0.so.0.2800.2
7fa5273fb000-7fa5275fa000 ---p 00022000 08:01 550500                     /usr/lib/libgdk_pixbuf-2.0.so.0.2800.2
7fa5275fa000-7fa5275fb000 r--p 00021000 08:01 550500                     /usr/lib/libgdk_pixbuf-2.0.so.0.2800.2
7fa5275fb000-7fa5275fc000 rw-p 00022000 08:01 550500                     /usr/lib/libgdk_pixbuf-2.0.so.0.2800.2
7fa5275fc000-7fa527718000 r-xp 00000000 08:01 550183                     /usr/lib/libcairo.so.2.11200.14
7fa527718000-7fa527917000 ---p 0011c000 08:01 550183                     /usr/lib/libcairo.so.2.11200.14
7fa527917000-7fa52791a000 r--p 0011b000 08:01 550183                     /usr/lib/libcairo.so.2.11200.14
7fa52791a000-7fa52791c000 rw-p 0011e000 08:01 550183                     /usr/lib/libcairo.so.2.11200.14
7fa52791c000-7fa52791d000 rw-p 00000000 00:00 0 
7fa52791d000-7fa52793d000 r-xp 00000000 08:01 550155                     /usr/lib/libatk-1.0.so.0.20809.1
7fa52793d000-7fa527b3d000 ---p 00020000 08:01 550155                     /usr/lib/libatk-1.0.so.0.20809.1
7fa527b3d000-7fa527b3f000 r--p 00020000 08:01 550155                     /usr/lib/libatk-1.0.so.0.20809.1
7fa527b3f000-7fa527b40000 rw-p 00022000 08:01 550155                     /usr/lib/libatk-1.0.so.0.20809.1
7fa527b40000-7fa527b4b000 r-xp 00000000 08:01 551789                     /usr/lib/libpangocairo-1.0.so.0.3400.1
7fa527b4b000-7fa527d4b000 ---p 0000b000 08:01 551789                     /usr/lib/libpangocairo-1.0.so.0.3400.1
7fa527d4b000-7fa527d4c000 r--p 0000b000 08:01 551789                     /usr/lib/libpangocairo-1.0.so.0.3400.1
7fa527d4c000-7fa527d4d000 rw-p 0000c000 08:01 551789                     /usr/lib/libpangocairo-1.0.so.0.3400.1
7fa527d4d000-7fa527dfa000 r-xp 00000000 08:01 560869                     /usr/lib/libgdk-x11-2.0.so.0.2400.20
7fa527dfa000-7fa527ffa000 ---p 000ad000 08:01 560869                     /usr/lib/libgdk-x11-2.0.so.0.2400.20
7fa527ffa000-7fa527ffe000 r--p 000ad000 08:01 560869                     /usr/lib/libgdk-x11-2.0.so.0.2400.20
7fa527ffe000-7fa528000000 rw-p 000b1000 08:01 560869                     /usr/lib/libgdk-x11-2.0.so.0.2400.20
7fa528000000-7fa528021000 rw-p 00000000 00:00 0 
7fa528021000-7fa52c000000 ---p 00000000 00:00 0 
7fa52c000000-7fa52c001000 r--s 00005000 00:1e 342762                     /tmp/jar_cache954998178634006638.tmp (deleted)
7fa52c001000-7fa52c002000 r--s 00004000 00:1e 342744                     /tmp/jar_cache4574504834175854078.tmp (deleted)
7fa52c002000-7fa52c005000 r--s 00010000 00:1e 342742                     /tmp/jar_cache8821029851118046361.tmp (deleted)
7fa52c005000-7fa52c008000 r--s 00047000 00:1e 342740                     /tmp/jar_cache5279160556012801129.tmp (deleted)
7fa52c008000-7fa52c010000 r--s 00096000 00:1e 342738                     /tmp/jar_cache8119419854493835731.tmp (deleted)
7fa52c010000-7fa52c014000 r--s 0001d000 00:1e 342736                     /tmp/jar_cache6725172910552395848.tmp (deleted)
7fa52c014000-7fa52c01f000 r--s 0009d000 00:1e 342734                     /tmp/jar_cache2704056611141539456.tmp (deleted)
7fa52c01f000-7fa52c022000 r--s 0000c000 00:1e 342732                     /tmp/jar_cache4519488267542078258.tmp (deleted)
7fa52c022000-7fa52c023000 r--s 00001000 00:1e 342730                     /tmp/jar_cache8636703398289556953.tmp (deleted)
7fa52c023000-7fa52c034000 r--s 00157000 00:1e 342728                     /tmp/jar_cache9056249547362560061.tmp (deleted)
7fa52c034000-7fa52c037000 r--s 00013000 00:1e 342724                     /tmp/jar_cache4695008973196001121.tmp (deleted)
7fa52c037000-7fa52c043000 r--s 0006a000 00:1e 342722                     /tmp/jar_cache6234574044500898604.tmp (deleted)
7fa52c043000-7fa52c051000 r--s 00081000 00:1e 342720                     /tmp/jar_cache940483384687207426.tmp (deleted)
7fa52c051000-7fa52c054000 r--s 00014000 00:1e 342718                     /tmp/jar_cache8749546544429842892.tmp (deleted)
7fa52c054000-7fa52c055000 r--s 0000c000 00:1e 342716                     /tmp/jar_cache3918481715325219281.tmp (deleted)
7fa52c055000-7fa52c056000 r--s 00004000 00:1e 342714                     /tmp/jar_cache1086387593145067282.tmp (deleted)
7fa52c056000-7fa52c057000 r--s 00004000 00:1e 342712                     /tmp/jar_cache3514466472664209817.tmp (deleted)
7fa52c057000-7fa52c05e000 r--s 00028000 00:1e 342710                     /tmp/jar_cache6127506979505367890.tmp (deleted)
7fa52c05e000-7fa52c060000 r--s 0000b000 00:1e 342708                     /tmp/jar_cache5555746082669336336.tmp (deleted)
7fa52c060000-7fa52c066000 r--s 00053000 00:1e 338878                     /tmp/jar_cache663263901675939867.tmp (deleted)
7fa52c066000-7fa52c073000 r--s 0007f000 00:1e 342702                     /tmp/jar_cache6440690534528829390.tmp (deleted)
7fa52c073000-7fa52c0c7000 r--s 00516000 00:1e 339807                     /tmp/jar_cache7690872336489207590.tmp (deleted)
7fa52c0c7000-7fa52c4eb000 r-xp 00000000 08:01 560870                     /usr/lib/libgtk-x11-2.0.so.0.2400.20
7fa52c4eb000-7fa52c6ea000 ---p 00424000 08:01 560870                     /usr/lib/libgtk-x11-2.0.so.0.2400.20
7fa52c6ea000-7fa52c6f1000 r--p 00423000 08:01 560870                     /usr/lib/libgtk-x11-2.0.so.0.2400.20
7fa52c6f1000-7fa52c6f5000 rw-p 0042a000 08:01 560870                     /usr/lib/libgtk-x11-2.0.so.0.2400.20
7fa52c6f5000-7fa52c6f7000 rw-p 00000000 00:00 0 
7fa52c6f7000-7fa52c706000 r-xp 00000000 08:01 549492                     /usr/lib/libXi.so.6.1.0
7fa52c706000-7fa52c905000 ---p 0000f000 08:01 549492                     /usr/lib/libXi.so.6.1.0
7fa52c905000-7fa52c906000 r--p 0000e000 08:01 549492                     /usr/lib/libXi.so.6.1.0
7fa52c906000-7fa52c907000 rw-p 0000f000 08:01 549492                     /usr/lib/libXi.so.6.1.0
7fa52c907000-7fa52c90c000 r-xp 00000000 08:01 549880                     /usr/lib/libXtst.so.6.1.0
7fa52c90c000-7fa52cb0b000 ---p 00005000 08:01 549880                     /usr/lib/libXtst.so.6.1.0
7fa52cb0b000-7fa52cb0c000 r--p 00004000 08:01 549880                     /usr/lib/libXtst.so.6.1.0
7fa52cb0c000-7fa52cb0d000 rw-p 00005000 08:01 549880                     /usr/lib/libXtst.so.6.1.0
7fa52cb0d000-7fa52cb16000 r-xp 00000000 08:01 549497                     /usr/lib/libXrender.so.1.3.0
7fa52cb16000-7fa52cd15000 ---p 00009000 08:01 549497                     /usr/lib/libXrender.so.1.3.0
7fa52cd15000-7fa52cd16000 r--p 00008000 08:01 549497                     /usr/lib/libXrender.so.1.3.0
7fa52cd16000-7fa52cd17000 rw-p 00009000 08:01 549497                     /usr/lib/libXrender.so.1.3.0
7fa52cd17000-7fa52ce4c000 r-xp 00000000 08:01 548164                     /usr/lib/libX11.so.6.3.0
7fa52ce4c000-7fa52d04c000 ---p 00135000 08:01 548164                     /usr/lib/libX11.so.6.3.0
7fa52d04c000-7fa52d04d000 r--p 00135000 08:01 548164                     /usr/lib/libX11.so.6.3.0
7fa52d04d000-7fa52d052000 rw-p 00136000 08:01 548164                     /usr/lib/libX11.so.6.3.0
7fa52d052000-7fa52d063000 r-xp 00000000 08:01 549003                     /usr/lib/libXext.so.6.4.0
7fa52d063000-7fa52d262000 ---p 00011000 08:01 549003                     /usr/lib/libXext.so.6.4.0
7fa52d262000-7fa52d263000 r--p 00010000 08:01 549003                     /usr/lib/libXext.so.6.4.0
7fa52d263000-7fa52d264000 rw-p 00011000 08:01 549003                     /usr/lib/libXext.so.6.4.0
7fa52d264000-7fa52d2b6000 r-xp 00000000 08:01 677419                     /usr/lib/jvm/java-7-openjdk/jre/lib/amd64/xawt/libmawt.so
7fa52d2b6000-7fa52d4b5000 ---p 00052000 08:01 677419                     /usr/lib/jvm/java-7-openjdk/jre/lib/amd64/xawt/libmawt.so
7fa52d4b5000-7fa52d4b9000 rw-p 00051000 08:01 677419                     /usr/lib/jvm/java-7-openjdk/jre/lib/amd64/xawt/libmawt.so
7fa52d4b9000-7fa52d4ba000 rw-p 00000000 00:00 0 
7fa52d4ba000-7fa52d55b000 r-xp 00000000 08:01 677113                     /usr/lib/jvm/java-7-openjdk/jre/lib/amd64/libawt.so
7fa52d55b000-7fa52d75b000 ---p 000a1000 08:01 677113                     /usr/lib/jvm/java-7-openjdk/jre/lib/amd64/libawt.so
7fa52d75b000-7fa52d767000 rw-p 000a1000 08:01 677113                     /usr/lib/jvm/java-7-openjdk/jre/lib/amd64/libawt.so
7fa52d767000-7fa52d78b000 rw-p 00000000 00:00 0 
7fa52d78b000-7fa52d78c000 ---p 00000000 00:00 0 
7fa52d78c000-7fa52d88c000 rw-p 00000000 00:00 0                          [stack:16628]
7fa52d88c000-7fa52d88f000 ---p 00000000 00:00 0 
7fa52d88f000-7fa52d98d000 rw-p 00000000 00:00 0                          [stack:16627]
7fa52d98d000-7fa52d990000 ---p 00000000 00:00 0 
7fa52d990000-7fa52da8e000 rw-p 00000000 00:00 0                          [stack:16626]
7fa52da8e000-7fa52da91000 ---p 00000000 00:00 0 
7fa52da91000-7fa52db8f000 rw-p 00000000 00:00 0                          [stack:16625]
7fa52db8f000-7fa52db92000 ---p 00000000 00:00 0 
7fa52db92000-7fa530000000 rw-p 00000000 00:00 0                          [stack:16624]
7fa530000000-7fa530021000 rw-p 00000000 00:00 0 
7fa530021000-7fa534000000 ---p 00000000 00:00 0 
7fa534000000-7fa534004000 r--s 0001f000 00:1e 342706                     /tmp/jar_cache5751812381634424270.tmp (deleted)
7fa534004000-7fa534005000 r--s 0000e000 00:1e 342704                     /tmp/jar_cache1964111332366571215.tmp (deleted)
7fa534005000-7fa53400a000 r--s 00048000 00:1e 338876                     /tmp/jar_cache1865377064529203463.tmp (deleted)
7fa53400a000-7fa534010000 r--s 00046000 00:1e 338874                     /tmp/jar_cache8068054098713228466.tmp (deleted)
7fa534010000-7fa534017000 r--s 00037000 00:1e 342700                     /tmp/jar_cache1710383452226779333.tmp (deleted)
7fa534017000-7fa53401b000 r--s 0002a000 00:1e 342698                     /tmp/jar_cache6853187257199004838.tmp (deleted)
7fa53401b000-7fa53401d000 r--s 0000d000 00:1e 342696                     /tmp/jar_cache2044954933631577077.tmp (deleted)
7fa53401d000-7fa534029000 r--s 000d8000 00:1e 342692                     /tmp/jar_cache7693716285332534573.tmp (deleted)
7fa534029000-7fa53402b000 r--s 00007000 00:1e 342690                     /tmp/jar_cache7778869200388828662.tmp (deleted)
7fa53402b000-7fa53402c000 r--s 00002000 00:1e 342688                     /tmp/jar_cache7274997542920999819.tmp (deleted)
7fa53402c000-7fa534030000 r--s 0003c000 00:1e 341721                     /tmp/jar_cache9038030023855224719.tmp (deleted)
7fa534030000-7fa534036000 r--s 00046000 00:1e 338872                     /tmp/jar_cache8342731766895204142.tmp (deleted)
7fa534036000-7fa534038000 r--s 0000e000 00:1e 342686                     /tmp/jar_cache8820288876010869542.tmp (deleted)
7fa534038000-7fa53403f000 r--s 00064000 00:1e 342684                     /tmp/jar_cache2736037306602321522.tmp (deleted)
7fa53403f000-7fa534049000 r--s 000c1000 00:1e 342680                     /tmp/jar_cache1214337254580435793.tmp (deleted)
7fa534049000-7fa534069000 r--s 0019d000 00:1e 342675                     /tmp/jar_cache3639761609117874071.tmp (deleted)
7fa534069000-7fa5341f2000 r--p 00000000 08:01 543123                     /usr/lib/locale/locale-archive
7fa5341f2000-7fa5341f5000 ---p 00000000 00:00 0 
7fa5341f5000-7fa5342f3000 rw-p 00000000 00:00 0                          [stack:16623]
7fa5342f3000-7fa5342f6000 ---p 00000000 00:00 0 
7fa5342f6000-7fa5343f4000 rw-p 00000000 00:00 0                          [stack:16622]
7fa5343f4000-7fa5343f5000 ---p 00000000 00:00 0 
7fa5343f5000-7fa535000000 rw-p 00000000 00:00 0                          [stack:16621]
7fa535000000-7fa535270000 rwxp 00000000 00:00 0 
7fa535270000-7fa53b019000 rw-p 00000000 00:00 0 
7fa53b019000-7fa53c000000 ---p 00000000 00:00 0 
7fa53c000000-7fa53c003000 r--s 00023000 00:1e 342682                     /tmp/jar_cache697762818708959972.tmp (deleted)
7fa53c003000-7fa53c014000 r--s 001a1000 00:1e 342677                     /tmp/jar_cache5557558209296629722.tmp (deleted)
7fa53c014000-7fa53c01e000 r--s 000e8000 00:1e 342673                     /tmp/jar_cache4307559854483445688.tmp (deleted)
7fa53c01e000-7fa53c028000 r--s 0005b000 00:1e 342669                     /tmp/jar_cache7993747093450797182.tmp (deleted)
7fa53c028000-7fa53c02a000 r--s 0000e000 00:1e 342667                     /tmp/jar_cache5925184837484649959.tmp (deleted)
7fa53c02a000-7fa53c02c000 r--s 00006000 00:1e 342665                     /tmp/jar_cache5132258577960783027.tmp (deleted)
7fa53c02c000-7fa53c03c000 r--s 00112000 00:1e 342663                     /tmp/jar_cache1092233177795787151.tmp (deleted)
7fa53c03c000-7fa53c04d000 r--s 0014c000 00:1e 342661                     /tmp/jar_cache2179176847099350642.tmp (deleted)
7fa53c04d000-7fa53c053000 r--s 00045000 00:1e 342657                     /tmp/jar_cache8114001464752749875.tmp (deleted)
7fa53c053000-7fa53c05f000 r--s 00076000 00:1e 342653                     /tmp/jar_cache3036437471321833125.tmp (deleted)
7fa53c05f000-7fa53c065000 r--s 00081000 00:1e 338869                     /tmp/jar_cache4475692763359341928.tmp (deleted)
7fa53c065000-7fa53c06d000 r--s 00047000 00:1e 342651                     /tmp/jar_cache1975827863655467500.tmp (deleted)
7fa53c06d000-7fa53c08a000 r--s 0014f000 00:1e 342649                     /tmp/jar_cache156407223997211031.tmp (deleted)
7fa53c08a000-7fa53c08f000 r--s 00035000 00:1e 338865                     /tmp/jar_cache9020111269002181681.tmp (deleted)
7fa53c08f000-7fa53c094000 r--s 0004c000 08:01 675842                     /usr/lib/jvm/java-7-openjdk/jre/lib/jsse.jar
7fa53c094000-7fa53c09d000 r--s 000ba000 08:01 675841                     /usr/lib/jvm/java-7-openjdk/jre/lib/resources.jar
7fa53c09d000-7fa53c4e9000 rw-p 00000000 00:00 0 
7fa53c4e9000-7fa53c696000 r--s 01cdf000 08:01 675840                     /usr/lib/jvm/java-7-openjdk/jre/lib/rt.jar
7fa53c696000-7fa53c99e000 rw-p 00000000 00:00 0 
7fa53c99e000-7fa53c99f000 ---p 00000000 00:00 0 
7fa53c99f000-7fa53ca9f000 rw-p 00000000 00:00 0                          [stack:16620]
7fa53ca9f000-7fa53caa0000 ---p 00000000 00:00 0 
7fa53caa0000-7fa53cba0000 rw-p 00000000 00:00 0                          [stack:16619]
7fa53cba0000-7fa53cba1000 ---p 00000000 00:00 0 
7fa53cba1000-7fa53cca1000 rw-p 00000000 00:00 0                          [stack:16618]
7fa53cca1000-7fa53cca2000 ---p 00000000 00:00 0 
7fa53cca2000-7fa53cdb0000 rw-p 00000000 00:00 0                          [stack:16617]
7fa53cdb0000-7fa53cdf5000 rw-p 00000000 00:00 0 
7fa53cdf5000-7fa53ce09000 rw-p 00000000 00:00 0 
7fa53ce09000-7fa53cf38000 rw-p 00000000 00:00 0 
7fa53cf38000-7fa53cf46000 rw-p 00000000 00:00 0 
7fa53cf46000-7fa53cf8b000 rw-p 00000000 00:00 0 
7fa53cf8b000-7fa53cf9f000 rw-p 00000000 00:00 0 
7fa53cf9f000-7fa53d0cd000 rw-p 00000000 00:00 0 
7fa53d0cd000-7fa53d0f7000 rw-p 00000000 00:00 0 
7fa53d0f7000-7fa53d16f000 rw-p 00000000 00:00 0 
7fa53d16f000-7fa53d170000 rw-p 00000000 00:00 0 
7fa53d170000-7fa53d178000 r-xp 00000000 08:01 677100                     /usr/lib/jvm/java-7-openjdk/jre/lib/amd64/libzip.so
7fa53d178000-7fa53d377000 ---p 00008000 08:01 677100                     /usr/lib/jvm/java-7-openjdk/jre/lib/amd64/libzip.so
7fa53d377000-7fa53d378000 rw-p 00007000 08:01 677100                     /usr/lib/jvm/java-7-openjdk/jre/lib/amd64/libzip.so
7fa53d378000-7fa53d383000 r-xp 00000000 08:01 527612                     /usr/lib/libnss_files-2.17.so
7fa53d383000-7fa53d583000 ---p 0000b000 08:01 527612                     /usr/lib/libnss_files-2.17.so
7fa53d583000-7fa53d584000 r--p 0000b000 08:01 527612                     /usr/lib/libnss_files-2.17.so
7fa53d584000-7fa53d585000 rw-p 0000c000 08:01 527612                     /usr/lib/libnss_files-2.17.so
7fa53d585000-7fa53d5b0000 r-xp 00000000 08:01 677099                     /usr/lib/jvm/java-7-openjdk/jre/lib/amd64/libjava.so
7fa53d5b0000-7fa53d7af000 ---p 0002b000 08:01 677099                     /usr/lib/jvm/java-7-openjdk/jre/lib/amd64/libjava.so
7fa53d7af000-7fa53d7b1000 rw-p 0002a000 08:01 677099                     /usr/lib/jvm/java-7-openjdk/jre/lib/amd64/libjava.so
7fa53d7b1000-7fa53d7be000 r-xp 00000000 08:01 677098                     /usr/lib/jvm/java-7-openjdk/jre/lib/amd64/libverify.so
7fa53d7be000-7fa53d9bd000 ---p 0000d000 08:01 677098                     /usr/lib/jvm/java-7-openjdk/jre/lib/amd64/libverify.so
7fa53d9bd000-7fa53d9bf000 rw-p 0000c000 08:01 677098                     /usr/lib/jvm/java-7-openjdk/jre/lib/amd64/libverify.so
7fa53d9bf000-7fa53d9c6000 r-xp 00000000 08:01 527593                     /usr/lib/librt-2.17.so
7fa53d9c6000-7fa53dbc5000 ---p 00007000 08:01 527593                     /usr/lib/librt-2.17.so
7fa53dbc5000-7fa53dbc6000 r--p 00006000 08:01 527593                     /usr/lib/librt-2.17.so
7fa53dbc6000-7fa53dbc7000 rw-p 00007000 08:01 527593                     /usr/lib/librt-2.17.so
7fa53dbc7000-7fa53dbdc000 r-xp 00000000 08:01 530637                     /usr/lib/libgcc_s.so.1
7fa53dbdc000-7fa53dddc000 ---p 00015000 08:01 530637                     /usr/lib/libgcc_s.so.1
7fa53dddc000-7fa53dddd000 rw-p 00015000 08:01 530637                     /usr/lib/libgcc_s.so.1
7fa53dddd000-7fa53deda000 r-xp 00000000 08:01 527610                     /usr/lib/libm-2.17.so
7fa53deda000-7fa53e0d9000 ---p 000fd000 08:01 527610                     /usr/lib/libm-2.17.so
7fa53e0d9000-7fa53e0da000 r--p 000fc000 08:01 527610                     /usr/lib/libm-2.17.so
7fa53e0da000-7fa53e0db000 rw-p 000fd000 08:01 527610                     /usr/lib/libm-2.17.so
7fa53e0db000-7fa53e1c1000 r-xp 00000000 08:01 530633                     /usr/lib/libstdc++.so.6.0.18
7fa53e1c1000-7fa53e3c0000 ---p 000e6000 08:01 530633                     /usr/lib/libstdc++.so.6.0.18
7fa53e3c0000-7fa53e3c8000 r--p 000e5000 08:01 530633                     /usr/lib/libstdc++.so.6.0.18
7fa53e3c8000-7fa53e3ca000 rw-p 000ed000 08:01 530633                     /usr/lib/libstdc++.so.6.0.18
7fa53e3ca000-7fa53e3df000 rw-p 00000000 00:00 0 
7fa53e3df000-7fa53eed0000 r-xp 00000000 08:01 677130                     /usr/lib/jvm/java-7-openjdk/jre/lib/amd64/server/libjvm.so
7fa53eed0000-7fa53f0d0000 ---p 00af1000 08:01 677130                     /usr/lib/jvm/java-7-openjdk/jre/lib/amd64/server/libjvm.so
7fa53f0d0000-7fa53f18b000 rw-p 00af1000 08:01 677130                     /usr/lib/jvm/java-7-openjdk/jre/lib/amd64/server/libjvm.so
7fa53f18b000-7fa53f1b8000 rw-p 00000000 00:00 0 
7fa53f1b8000-7fa53f1cd000 r-xp 00000000 08:01 530681                     /usr/lib/libz.so.1.2.8
7fa53f1cd000-7fa53f3cc000 ---p 00015000 08:01 530681                     /usr/lib/libz.so.1.2.8
7fa53f3cc000-7fa53f3cd000 r--p 00014000 08:01 530681                     /usr/lib/libz.so.1.2.8
7fa53f3cd000-7fa53f3ce000 rw-p 00015000 08:01 530681                     /usr/lib/libz.so.1.2.8
7fa53f3ce000-7fa53f571000 r-xp 00000000 08:01 527564                     /usr/lib/libc-2.17.so
7fa53f571000-7fa53f771000 ---p 001a3000 08:01 527564                     /usr/lib/libc-2.17.so
7fa53f771000-7fa53f775000 r--p 001a3000 08:01 527564                     /usr/lib/libc-2.17.so
7fa53f775000-7fa53f777000 rw-p 001a7000 08:01 527564                     /usr/lib/libc-2.17.so
7fa53f777000-7fa53f77b000 rw-p 00000000 00:00 0 
7fa53f77b000-7fa53f77e000 r-xp 00000000 08:01 527588                     /usr/lib/libdl-2.17.so
7fa53f77e000-7fa53f97d000 ---p 00003000 08:01 527588                     /usr/lib/libdl-2.17.so
7fa53f97d000-7fa53f97e000 r--p 00002000 08:01 527588                     /usr/lib/libdl-2.17.so
7fa53f97e000-7fa53f97f000 rw-p 00003000 08:01 527588                     /usr/lib/libdl-2.17.so
7fa53f97f000-7fa53f98c000 r-xp 00000000 08:01 677126                     /usr/lib/jvm/java-7-openjdk/jre/lib/amd64/jli/libjli.so
7fa53f98c000-7fa53fb8b000 ---p 0000d000 08:01 677126                     /usr/lib/jvm/java-7-openjdk/jre/lib/amd64/jli/libjli.so
7fa53fb8b000-7fa53fb8c000 rw-p 0000c000 08:01 677126                     /usr/lib/jvm/java-7-openjdk/jre/lib/amd64/jli/libjli.so
7fa53fb8c000-7fa53fba3000 r-xp 00000000 08:01 527584                     /usr/lib/libpthread-2.17.so
7fa53fba3000-7fa53fda2000 ---p 00017000 08:01 527584                     /usr/lib/libpthread-2.17.so
7fa53fda2000-7fa53fda3000 r--p 00016000 08:01 527584                     /usr/lib/libpthread-2.17.so
7fa53fda3000-7fa53fda4000 rw-p 00017000 08:01 527584                     /usr/lib/libpthread-2.17.so
7fa53fda4000-7fa53fda8000 rw-p 00000000 00:00 0 
7fa53fda8000-7fa53fdc9000 r-xp 00000000 08:01 527571                     /usr/lib/ld-2.17.so
7fa53fdc9000-7fa53fdca000 r--s 00001000 00:1e 342671                     /tmp/jar_cache8071241130298032270.tmp (deleted)
7fa53fdca000-7fa53fdcc000 r--s 00005000 00:1e 342659                     /tmp/jar_cache1803548649930717773.tmp (deleted)
7fa53fdcc000-7fa53fdd8000 r-xp 00000000 08:01 545072                     /usr/lib/libdrm.so.2.4.0
7fa53fdd8000-7fa53fdd9000 r--p 0000b000 08:01 545072                     /usr/lib/libdrm.so.2.4.0
7fa53fdd9000-7fa53fdda000 rw-p 0000c000 08:01 545072                     /usr/lib/libdrm.so.2.4.0
7fa53fdda000-7fa53fddd000 r--s 0410e000 08:02 16386176                   /home/sshihata/Development/workspace/Intel-ML-internship/Rotten Tomatoes/Rotten Tomatoes.jar
7fa53fddd000-7fa53fde7000 rw-p 00000000 00:00 0 
7fa53fde7000-7fa53fe9d000 rw-p 00000000 00:00 0 
7fa53fe9d000-7fa53fea0000 ---p 00000000 00:00 0 
7fa53fea0000-7fa53ffa2000 rw-p 00000000 00:00 0                          [stack:16616]
7fa53ffa2000-7fa53ffa4000 r--s 00008000 00:1e 342655                     /tmp/jar_cache2142737297491013637.tmp (deleted)
7fa53ffa4000-7fa53ffa7000 r--s 0000f000 08:01 677091                     /usr/lib/jvm/java-7-openjdk/jre/lib/ext/pulse-java.jar
7fa53ffa7000-7fa53ffbe000 rw-p 00000000 00:00 0 
7fa53ffbe000-7fa53ffc6000 rw-s 00000000 00:1e 342619                     /tmp/hsperfdata_sshihata/16615
7fa53ffc6000-7fa53ffc7000 rw-p 00000000 00:00 0 
7fa53ffc7000-7fa53ffc8000 ---p 00000000 00:00 0 
7fa53ffc8000-7fa53ffc9000 rw-p 00000000 00:00 0 
7fa53ffc9000-7fa53ffca000 r--p 00021000 08:01 527571                     /usr/lib/ld-2.17.so
7fa53ffca000-7fa53ffcb000 rw-p 00022000 08:01 527571                     /usr/lib/ld-2.17.so
7fa53ffcb000-7fa53ffcc000 rw-p 00000000 00:00 0 
7fffd78a3000-7fffd78c4000 rw-p 00000000 00:00 0                          [stack]
7fffd79fe000-7fffd7a00000 r-xp 00000000 00:00 0                          [vdso]
ffffffffff600000-ffffffffff601000 r-xp 00000000 00:00 0                  [vsyscall]

VM Arguments:
jvm_args: -Djava.library.path=./lib 
java_command: Rotten Tomatoes.jar
Launcher Type: SUN_STANDARD

Environment Variables:
JAVA_HOME=/usr/lib/jvm/java-7-openjdk
PATH=/usr/local/sbin:/usr/local/bin:/usr/bin:/usr/bin/core_perl:/home/sshihata/.gem/ruby/2.0.0/bin
USERNAME=sshihata
SHELL=/bin/bash
DISPLAY=:0

Signal Handlers:
SIGSEGV: [libjvm.so+0x929790], sa_mask[0]=0x7ffbfeff, sa_flags=0x10000004
SIGBUS: [libjvm.so+0x929790], sa_mask[0]=0x7ffbfeff, sa_flags=0x10000004
SIGFPE: [libjvm.so+0x7a7410], sa_mask[0]=0x7ffbfeff, sa_flags=0x10000004
SIGPIPE: [libjvm.so+0x7a7410], sa_mask[0]=0x7ffbfeff, sa_flags=0x10000004
SIGXFSZ: [libjvm.so+0x7a7410], sa_mask[0]=0x7ffbfeff, sa_flags=0x10000004
SIGILL: [libjvm.so+0x7a7410], sa_mask[0]=0x7ffbfeff, sa_flags=0x10000004
SIGUSR1: SIG_DFL, sa_mask[0]=0x00000000, sa_flags=0x00000000
SIGUSR2: [libjvm.so+0x7a72b0], sa_mask[0]=0x00000000, sa_flags=0x10000004
SIGHUP: [libjvm.so+0x7a7490], sa_mask[0]=0x7ffbfeff, sa_flags=0x10000004
SIGINT: [libjvm.so+0x7a7490], sa_mask[0]=0x7ffbfeff, sa_flags=0x10000004
SIGTERM: [libjvm.so+0x7a7490], sa_mask[0]=0x7ffbfeff, sa_flags=0x10000004
SIGQUIT: [libjvm.so+0x7a7490], sa_mask[0]=0x7ffbfeff, sa_flags=0x10000004


---------------  S Y S T E M  ---------------

OS:Linux
uname:Linux 3.10.3-1-ARCH #1 SMP PREEMPT Fri Jul 26 11:26:59 CEST 2013 x86_64
libc:glibc 2.17 NPTL 2.17 
rlimit: STACK 8192k, CORE 0k, NPROC 30922, NOFILE 4096, AS infinity
load average:4.29 1.39 0.79

/proc/meminfo:
MemTotal:        3963668 kB
MemFree:          207408 kB
Buffers:             268 kB
Cached:           354060 kB
SwapCached:            0 kB
Active:          3240252 kB
Inactive:         340732 kB
Active(anon):    3233760 kB
Inactive(anon):   310152 kB
Active(file):       6492 kB
Inactive(file):    30580 kB
Unevictable:           0 kB
Mlocked:               0 kB
SwapTotal:             0 kB
SwapFree:              0 kB
Dirty:                40 kB
Writeback:             0 kB
AnonPages:       3226968 kB
Mapped:            41944 kB
Shmem:            317024 kB
Slab:              47856 kB
SReclaimable:      25348 kB
SUnreclaim:        22508 kB
KernelStack:        3488 kB
PageTables:        27264 kB
NFS_Unstable:          0 kB
Bounce:                0 kB
WritebackTmp:          0 kB
CommitLimit:     1981832 kB
Committed_AS:    5516088 kB
VmallocTotal:   34359738367 kB
VmallocUsed:      359204 kB
VmallocChunk:   34359343600 kB
HardwareCorrupted:     0 kB
AnonHugePages:   1804288 kB
HugePages_Total:       0
HugePages_Free:        0
HugePages_Rsvd:        0
HugePages_Surp:        0
Hugepagesize:       2048 kB
DirectMap4k:       12224 kB
DirectMap2M:     4093952 kB


CPU:total 4 (2 cores per cpu, 2 threads per core) family 6 model 42 stepping 7, cmov, cx8, fxsr, mmx, sse, sse2, sse3, ssse3, sse4.1, sse4.2, popcnt, avx, ht, tsc, tscinvbit

/proc/cpuinfo:
processor	: 0
vendor_id	: GenuineIntel
cpu family	: 6
model		: 42
model name	: Intel(R) Core(TM) i3-2350M CPU @ 2.30GHz
stepping	: 7
microcode	: 0x23
cpu MHz		: 1242.000
cache size	: 3072 KB
physical id	: 0
siblings	: 4
core id		: 0
cpu cores	: 2
apicid		: 0
initial apicid	: 0
fpu		: yes
fpu_exception	: yes
cpuid level	: 13
wp		: yes
flags		: fpu vme de pse tsc msr pae mce cx8 apic sep mtrr pge mca cmov pat pse36 clflush dts acpi mmx fxsr sse sse2 ss ht tm pbe syscall nx rdtscp lm constant_tsc arch_perfmon pebs bts nopl xtopology nonstop_tsc aperfmperf eagerfpu pni pclmulqdq dtes64 monitor ds_cpl vmx est tm2 ssse3 cx16 xtpr pdcm pcid sse4_1 sse4_2 x2apic popcnt tsc_deadline_timer xsave avx lahf_lm arat epb xsaveopt pln pts dtherm tpr_shadow vnmi flexpriority ept vpid
bogomips	: 4591.73
clflush size	: 64
cache_alignment	: 64
address sizes	: 36 bits physical, 48 bits virtual
power management:

processor	: 1
vendor_id	: GenuineIntel
cpu family	: 6
model		: 42
model name	: Intel(R) Core(TM) i3-2350M CPU @ 2.30GHz
stepping	: 7
microcode	: 0x23
cpu MHz		: 1196.000
cache size	: 3072 KB
physical id	: 0
siblings	: 4
core id		: 0
cpu cores	: 2
apicid		: 1
initial apicid	: 1
fpu		: yes
fpu_exception	: yes
cpuid level	: 13
wp		: yes
flags		: fpu vme de pse tsc msr pae mce cx8 apic sep mtrr pge mca cmov pat pse36 clflush dts acpi mmx fxsr sse sse2 ss ht tm pbe syscall nx rdtscp lm constant_tsc arch_perfmon pebs bts nopl xtopology nonstop_tsc aperfmperf eagerfpu pni pclmulqdq dtes64 monitor ds_cpl vmx est tm2 ssse3 cx16 xtpr pdcm pcid sse4_1 sse4_2 x2apic popcnt tsc_deadline_timer xsave avx lahf_lm arat epb xsaveopt pln pts dtherm tpr_shadow vnmi flexpriority ept vpid
bogomips	: 4591.73
clflush size	: 64
cache_alignment	: 64
address sizes	: 36 bits physical, 48 bits virtual
power management:

processor	: 2
vendor_id	: GenuineIntel
cpu family	: 6
model		: 42
model name	: Intel(R) Core(TM) i3-2350M CPU @ 2.30GHz
stepping	: 7
microcode	: 0x23
cpu MHz		: 920.000
cache size	: 3072 KB
physical id	: 0
siblings	: 4
core id		: 1
cpu cores	: 2
apicid		: 2
initial apicid	: 2
fpu		: yes
fpu_exception	: yes
cpuid level	: 13
wp		: yes
flags		: fpu vme de pse tsc msr pae mce cx8 apic sep mtrr pge mca cmov pat pse36 clflush dts acpi mmx fxsr sse sse2 ss ht tm pbe syscall nx rdtscp lm constant_tsc arch_perfmon pebs bts nopl xtopology nonstop_tsc aperfmperf eagerfpu pni pclmulqdq dtes64 monitor ds_cpl vmx est tm2 ssse3 cx16 xtpr pdcm pcid sse4_1 sse4_2 x2apic popcnt tsc_deadline_timer xsave avx lahf_lm arat epb xsaveopt pln pts dtherm tpr_shadow vnmi flexpriority ept vpid
bogomips	: 4591.73
clflush size	: 64
cache_alignment	: 64
address sizes	: 36 bits physical, 48 bits virtual
power management:

processor	: 3
vendor_id	: GenuineIntel
cpu family	: 6
model		: 42
model name	: Intel(R) Core(TM) i3-2350M CPU @ 2.30GHz
stepping	: 7
microcode	: 0x23
cpu MHz		: 874.000
cache size	: 3072 KB
physical id	: 0
siblings	: 4
core id		: 1
cpu cores	: 2
apicid		: 3
initial apicid	: 3
fpu		: yes
fpu_exception	: yes
cpuid level	: 13
wp		: yes
flags		: fpu vme de pse tsc msr pae mce cx8 apic sep mtrr pge mca cmov pat pse36 clflush dts acpi mmx fxsr sse sse2 ss ht tm pbe syscall nx rdtscp lm constant_tsc arch_perfmon pebs bts nopl xtopology nonstop_tsc aperfmperf eagerfpu pni pclmulqdq dtes64 monitor ds_cpl vmx est tm2 ssse3 cx16 xtpr pdcm pcid sse4_1 sse4_2 x2apic popcnt tsc_deadline_timer xsave avx lahf_lm arat epb xsaveopt pln pts dtherm tpr_shadow vnmi flexpriority ept vpid
bogomips	: 4591.73
clflush size	: 64
cache_alignment	: 64
address sizes	: 36 bits physical, 48 bits virtual
power management:



Memory: 4k page, physical 3963668k(202572k free), swap 0k(0k free)

vm_info: OpenJDK 64-Bit Server VM (24.0-b50) for linux-amd64 JRE (1.7.0_40-b31), built on Jul  8 2013 19:30:57 by "nobody" with gcc 4.8.1

time: Thu Aug 22 14:04:26 2013
elapsed time: 42 seconds

